2023-10-31 17:06:23,063:INFO:learning rate 0.0001
2023-10-31 17:07:00,189:INFO:learning rate 0.0001
2023-10-31 17:07:02,410:INFO:Epoch 1 / 10
2023-10-31 17:08:55,483:INFO:learning rate 0.0001
2023-10-31 17:08:57,605:INFO:Epoch 1 / 10
2023-10-31 17:09:16,706:INFO:SAVING MODEL
2023-10-31 17:09:17,533:INFO:Training Loss: 0.551
2023-10-31 17:09:17,533:INFO:Validation Loss: 0.402
2023-10-31 17:09:17,533:INFO:Epoch 2 / 10
2023-10-31 17:09:36,824:INFO:SAVING MODEL
2023-10-31 17:09:37,716:INFO:Training Loss: 0.317
2023-10-31 17:09:37,716:INFO:Validation Loss: 0.375
2023-10-31 17:09:37,716:INFO:Epoch 3 / 10
2023-10-31 17:09:57,071:INFO:Training Loss: 0.151
2023-10-31 17:09:57,071:INFO:Validation Loss: 0.549
2023-10-31 17:09:57,071:INFO:Epoch 4 / 10
2023-10-31 17:10:16,465:INFO:Training Loss: 0.100
2023-10-31 17:10:16,465:INFO:Validation Loss: 0.492
2023-10-31 17:10:16,465:INFO:Epoch 5 / 10
2023-10-31 17:10:35,917:INFO:Training Loss: 0.053
2023-10-31 17:10:35,917:INFO:Validation Loss: 0.680
2023-10-31 17:10:35,917:INFO:Epoch 6 / 10
2023-10-31 17:10:55,334:INFO:Training Loss: 0.037
2023-10-31 17:10:55,334:INFO:Validation Loss: 0.780
2023-10-31 17:10:55,334:INFO:Epoch 7 / 10
2023-10-31 17:11:14,675:INFO:Training Loss: 0.058
2023-10-31 17:11:14,676:INFO:Validation Loss: 0.763
2023-10-31 17:11:14,676:INFO:Epoch 8 / 10
2023-10-31 17:11:36,114:INFO:learning rate 0.0001
2023-10-31 17:11:38,322:INFO:Epoch 1 / 10
2023-10-31 17:11:57,715:INFO:learning rate 0.0001
2023-10-31 17:11:59,876:INFO:Epoch 1 / 10
2023-10-31 17:12:24,341:INFO:SAVING MODEL
2023-10-31 17:12:25,279:INFO:Training Loss: 0.512
2023-10-31 17:12:25,280:INFO:Validation Loss: 0.361
2023-10-31 17:12:25,280:INFO:Epoch 2 / 10
2023-10-31 17:12:49,758:INFO:Training Loss: 0.297
2023-10-31 17:12:49,758:INFO:Validation Loss: 0.456
2023-10-31 17:12:49,758:INFO:Epoch 3 / 10
2023-10-31 17:13:46,279:INFO:learning rate 1e-05
2023-10-31 17:13:48,369:INFO:Epoch 1 / 10
2023-10-31 17:14:10,474:INFO:SAVING MODEL
2023-10-31 17:14:11,418:INFO:Training Loss: 0.556
2023-10-31 17:14:11,418:INFO:Validation Loss: 0.447
2023-10-31 17:14:11,418:INFO:Epoch 2 / 10
2023-10-31 17:14:33,669:INFO:SAVING MODEL
2023-10-31 17:14:34,548:INFO:Training Loss: 0.366
2023-10-31 17:14:34,548:INFO:Validation Loss: 0.414
2023-10-31 17:14:34,548:INFO:Epoch 3 / 10
2023-10-31 17:14:56,858:INFO:Training Loss: 0.275
2023-10-31 17:14:56,859:INFO:Validation Loss: 0.451
2023-10-31 17:14:56,859:INFO:Epoch 4 / 10
2023-10-31 17:15:19,098:INFO:Training Loss: 0.201
2023-10-31 17:15:19,098:INFO:Validation Loss: 0.512
2023-10-31 17:15:19,099:INFO:Epoch 5 / 10
2023-10-31 17:15:41,344:INFO:Training Loss: 0.132
2023-10-31 17:15:41,345:INFO:Validation Loss: 0.577
2023-10-31 17:15:41,345:INFO:Epoch 6 / 10
2023-10-31 17:16:03,547:INFO:Training Loss: 0.093
2023-10-31 17:16:03,547:INFO:Validation Loss: 0.647
2023-10-31 17:16:03,547:INFO:Epoch 7 / 10
2023-10-31 17:16:25,801:INFO:Training Loss: 0.068
2023-10-31 17:16:25,801:INFO:Validation Loss: 0.776
2023-10-31 17:16:25,802:INFO:Epoch 8 / 10
2023-10-31 17:16:48,133:INFO:Training Loss: 0.049
2023-10-31 17:16:48,134:INFO:Validation Loss: 0.864
2023-10-31 17:16:48,134:INFO:Epoch 9 / 10
2023-10-31 17:17:10,472:INFO:Training Loss: 0.032
2023-10-31 17:17:10,472:INFO:Validation Loss: 0.933
2023-10-31 17:17:10,472:INFO:Epoch 10 / 10
2023-10-31 17:17:32,772:INFO:Training Loss: 0.024
2023-10-31 17:17:32,772:INFO:Validation Loss: 0.943
2023-10-31 19:10:07,322:INFO:learning rate 1e-05
2023-10-31 19:10:09,409:INFO:Epoch 1 / 10
2023-10-31 19:10:50,886:INFO:learning rate 1e-05
2023-10-31 19:10:53,958:INFO:Epoch 1 / 10
2023-10-31 19:13:25,102:INFO:SAVING MODEL
2023-10-31 19:13:26,000:INFO:Training Loss: 0.371
2023-10-31 19:13:26,000:INFO:Validation Loss: 0.245
2023-10-31 19:13:26,000:INFO:Epoch 2 / 10
2023-10-31 19:15:58,893:INFO:Training Loss: 0.199
2023-10-31 19:15:58,893:INFO:Validation Loss: 0.276
2023-10-31 19:15:58,893:INFO:Epoch 3 / 10
2023-10-31 19:27:12,333:INFO:Training Loss: 0.127
2023-10-31 19:27:12,334:INFO:Validation Loss: 0.297
2023-10-31 19:27:12,334:INFO:Epoch 4 / 10
2023-10-31 19:29:44,437:INFO:Training Loss: 0.072
2023-10-31 19:29:44,437:INFO:Validation Loss: 0.379
2023-10-31 19:29:44,437:INFO:Epoch 5 / 10
2023-10-31 19:32:16,021:INFO:Training Loss: 0.057
2023-10-31 19:32:16,021:INFO:Validation Loss: 0.407
2023-10-31 19:32:16,021:INFO:Epoch 6 / 10
2023-10-31 19:34:47,918:INFO:Training Loss: 0.040
2023-10-31 19:34:47,919:INFO:Validation Loss: 0.419
2023-10-31 19:34:47,919:INFO:Epoch 7 / 10
2023-10-31 19:46:09,895:INFO:learning rate 1e-05
2023-10-31 20:01:56,476:INFO:learning rate 1e-05
2023-10-31 20:01:58,596:INFO:Epoch 1 / 10
2023-10-31 20:02:17,826:INFO:SAVING MODEL
2023-10-31 20:02:18,763:INFO:Training Loss: 0.670
2023-10-31 20:02:18,763:INFO:Validation Loss: 0.576
2023-10-31 20:02:18,764:INFO:Epoch 2 / 10
2023-10-31 20:02:38,661:INFO:learning rate 1e-05
2023-10-31 20:02:40,724:INFO:Epoch 1 / 10
2023-10-31 20:02:59,934:INFO:SAVING MODEL
2023-10-31 20:03:00,872:INFO:Training Loss: 0.653
2023-10-31 20:03:00,872:INFO:Validation Loss: 0.547
2023-10-31 20:03:00,872:INFO:Epoch 2 / 10
2023-10-31 20:03:20,273:INFO:SAVING MODEL
2023-10-31 20:03:21,175:INFO:Training Loss: 0.464
2023-10-31 20:03:21,175:INFO:Validation Loss: 0.415
2023-10-31 20:03:21,175:INFO:Epoch 3 / 10
2023-10-31 20:03:52,474:INFO:learning rate 1e-05
2023-10-31 20:03:56,010:INFO:Epoch 1 / 1
2023-10-31 20:04:15,323:INFO:SAVING MODEL
2023-10-31 20:04:16,272:INFO:Training Loss: 0.663
2023-10-31 20:04:16,272:INFO:Validation Loss: 0.568
2023-10-31 20:14:31,745:INFO:learning rate 1e-05
2023-10-31 20:14:33,928:INFO:Epoch 1 / 1
2023-10-31 20:14:53,126:INFO:SAVING MODEL
2023-10-31 20:14:53,991:INFO:Training Loss: 0.670
2023-10-31 20:14:53,991:INFO:Validation Loss: 0.554
2023-10-31 20:15:19,025:INFO:learning rate 1e-05
2023-10-31 20:15:21,248:INFO:Epoch 1 / 1
2023-10-31 20:15:40,554:INFO:SAVING MODEL
2023-10-31 20:15:41,454:INFO:Training Loss: 0.666
2023-10-31 20:15:41,454:INFO:Validation Loss: 0.568
2023-10-31 20:17:55,256:INFO:learning rate 1e-05
2023-10-31 20:19:00,407:INFO:learning rate 1e-05
2023-10-31 20:20:06,390:INFO:learning rate 1e-05
2023-10-31 20:22:42,129:INFO:learning rate 1e-05
2023-10-31 20:23:09,664:INFO:learning rate 1e-05
2023-10-31 20:23:12,716:INFO:Epoch 1 / 1
2023-10-31 20:23:48,439:INFO:learning rate 1e-05
2023-10-31 20:23:51,358:INFO:Epoch 1 / 1
2023-10-31 20:28:44,387:INFO:learning rate 1e-05
2023-10-31 20:37:10,623:INFO:learning rate 1e-05
2023-10-31 20:37:12,315:INFO:Epoch 1 / 1
2023-10-31 20:37:27,363:INFO:SAVING MODEL
2023-10-31 20:37:28,315:INFO:Training Loss: 0.654
2023-10-31 20:37:28,315:INFO:Validation Loss: 0.541
2023-10-31 20:37:28,957:INFO:accuracy:0.78
2023-10-31 20:37:58,556:INFO:learning rate 1e-05
2023-10-31 20:38:00,365:INFO:Epoch 1 / 1
2023-10-31 20:39:23,928:INFO:SAVING MODEL
2023-10-31 20:39:24,844:INFO:Training Loss: 0.418
2023-10-31 20:39:24,844:INFO:Validation Loss: 0.270
2023-10-31 20:39:27,931:INFO:accuracy:0.882
2023-10-31 20:46:05,596:INFO:learning rate 1e-05
2023-10-31 20:46:07,419:INFO:Epoch 1 / 1
2023-10-31 20:53:15,344:INFO:learning rate 1e-05
2023-10-31 20:53:17,125:INFO:Epoch 1 / 1
2023-10-31 20:54:40,573:INFO:SAVING MODEL
2023-10-31 20:54:41,532:INFO:Training Loss: 0.459
2023-10-31 20:54:41,532:INFO:Validation Loss: 0.235
2023-10-31 20:54:44,660:INFO:accuracy:0.898
2023-10-31 21:16:35,094:INFO:learning rate 1e-05
2023-10-31 21:17:36,376:INFO:learning rate 1e-05
2023-10-31 21:17:38,062:INFO:Epoch 1 / 10
2023-10-31 21:19:01,098:INFO:SAVING MODEL
2023-10-31 21:19:02,042:INFO:Training Loss: 0.691
2023-10-31 21:19:02,043:INFO:Validation Loss: 0.692
2023-10-31 21:19:02,043:INFO:Epoch 2 / 10
2023-10-31 21:20:22,855:INFO:Training Loss: 0.690
2023-10-31 21:20:22,855:INFO:Validation Loss: 0.692
2023-10-31 21:20:22,855:INFO:Epoch 3 / 10
2023-10-31 21:24:56,540:INFO:learning rate 5e-05
2023-10-31 21:24:58,280:INFO:Epoch 1 / 10
2023-10-31 21:26:21,808:INFO:SAVING MODEL
2023-10-31 21:26:22,700:INFO:Training Loss: 0.346
2023-10-31 21:26:22,700:INFO:Validation Loss: 0.197
2023-10-31 21:26:22,700:INFO:Epoch 2 / 10
2023-10-31 21:33:14,346:INFO:learning rate 5e-05
2023-10-31 21:33:16,086:INFO:Epoch 1 / 10
2023-10-31 21:34:39,255:INFO:SAVING MODEL
2023-10-31 21:34:40,131:INFO:Training Loss: 0.376
2023-10-31 21:34:40,132:INFO:Validation Loss: 0.228
2023-10-31 21:34:40,132:INFO:Epoch 2 / 10
2023-10-31 21:36:00,492:INFO:SAVING MODEL
2023-10-31 21:36:01,480:INFO:Training Loss: 0.182
2023-10-31 21:36:01,481:INFO:Validation Loss: 0.221
2023-10-31 21:36:01,481:INFO:Epoch 3 / 10
2023-10-31 21:37:22,148:INFO:Training Loss: 0.121
2023-10-31 21:37:22,148:INFO:Validation Loss: 0.268
2023-10-31 21:37:22,148:INFO:Epoch 4 / 10
2023-10-31 21:38:42,457:INFO:Training Loss: 0.063
2023-10-31 21:38:42,458:INFO:Validation Loss: 0.292
2023-10-31 21:38:42,458:INFO:Epoch 5 / 10
2023-10-31 21:40:03,209:INFO:Training Loss: 0.034
2023-10-31 21:40:03,209:INFO:Validation Loss: 0.463
2023-10-31 21:40:03,209:INFO:Epoch 6 / 10
2023-10-31 21:41:23,513:INFO:Training Loss: 0.023
2023-10-31 21:41:23,514:INFO:Validation Loss: 0.560
2023-10-31 21:41:23,514:INFO:Epoch 7 / 10
2023-10-31 21:42:44,270:INFO:Training Loss: 0.027
2023-10-31 21:42:44,270:INFO:Validation Loss: 0.403
2023-10-31 21:42:44,270:INFO:Epoch 8 / 10
2023-10-31 21:44:05,149:INFO:Training Loss: 0.024
2023-10-31 21:44:05,149:INFO:Validation Loss: 0.400
2023-10-31 21:44:05,149:INFO:Epoch 9 / 10
2023-10-31 21:45:25,570:INFO:Training Loss: 0.015
2023-10-31 21:45:25,570:INFO:Validation Loss: 0.527
2023-10-31 21:45:25,570:INFO:Epoch 10 / 10
2023-10-31 21:46:46,113:INFO:Training Loss: 0.018
2023-10-31 21:46:46,114:INFO:Validation Loss: 0.467
2023-10-31 21:46:46,114:INFO:learning rate 3e-05
2023-10-31 21:46:47,630:INFO:Epoch 1 / 10
2023-10-31 21:48:08,240:INFO:Training Loss: 0.346
2023-10-31 21:48:08,240:INFO:Validation Loss: 0.376
2023-10-31 21:48:08,240:INFO:Epoch 2 / 10
2023-10-31 21:49:28,792:INFO:Training Loss: 0.180
2023-10-31 21:49:28,792:INFO:Validation Loss: 0.222
2023-10-31 21:49:28,792:INFO:Epoch 3 / 10
2023-10-31 21:50:49,770:INFO:Training Loss: 0.111
2023-10-31 21:50:49,770:INFO:Validation Loss: 0.277
2023-10-31 21:50:49,770:INFO:Epoch 4 / 10
2023-10-31 21:52:10,179:INFO:Training Loss: 0.062
2023-10-31 21:52:10,179:INFO:Validation Loss: 0.347
2023-10-31 21:52:10,179:INFO:Epoch 5 / 10
2023-10-31 21:53:30,613:INFO:Training Loss: 0.037
2023-10-31 21:53:30,613:INFO:Validation Loss: 0.394
2023-10-31 21:53:30,613:INFO:Epoch 6 / 10
2023-10-31 21:54:51,743:INFO:Training Loss: 0.024
2023-10-31 21:54:51,743:INFO:Validation Loss: 0.398
2023-10-31 21:54:51,743:INFO:Epoch 7 / 10
2023-10-31 21:56:12,170:INFO:Training Loss: 0.024
2023-10-31 21:56:12,170:INFO:Validation Loss: 0.461
2023-10-31 21:56:12,170:INFO:Epoch 8 / 10
2023-10-31 21:57:32,945:INFO:Training Loss: 0.017
2023-10-31 21:57:32,945:INFO:Validation Loss: 0.588
2023-10-31 21:57:32,945:INFO:Epoch 9 / 10
2023-10-31 21:58:53,995:INFO:Training Loss: 0.024
2023-10-31 21:58:53,995:INFO:Validation Loss: 0.501
2023-10-31 21:58:53,995:INFO:Epoch 10 / 10
2023-10-31 22:00:14,726:INFO:Training Loss: 0.006
2023-10-31 22:00:14,726:INFO:Validation Loss: 0.583
2023-10-31 22:00:14,726:INFO:learning rate 2e-05
2023-10-31 22:00:16,320:INFO:Epoch 1 / 10
2023-10-31 22:01:37,151:INFO:Training Loss: 0.361
2023-10-31 22:01:37,151:INFO:Validation Loss: 0.255
2023-10-31 22:01:37,151:INFO:Epoch 2 / 10
2023-10-31 22:02:58,287:INFO:SAVING MODEL
2023-10-31 22:02:59,114:INFO:Training Loss: 0.186
2023-10-31 22:02:59,114:INFO:Validation Loss: 0.203
2023-10-31 22:02:59,114:INFO:Epoch 3 / 10
2023-10-31 22:04:19,655:INFO:Training Loss: 0.114
2023-10-31 22:04:19,656:INFO:Validation Loss: 0.244
2023-10-31 22:04:19,656:INFO:Epoch 4 / 10
2023-10-31 22:05:40,410:INFO:Training Loss: 0.067
2023-10-31 22:05:40,411:INFO:Validation Loss: 0.304
2023-10-31 22:05:40,411:INFO:Epoch 5 / 10
2023-10-31 22:07:01,010:INFO:Training Loss: 0.046
2023-10-31 22:07:01,010:INFO:Validation Loss: 0.376
2023-10-31 22:07:01,010:INFO:Epoch 6 / 10
2023-10-31 22:08:21,569:INFO:Training Loss: 0.032
2023-10-31 22:08:21,569:INFO:Validation Loss: 0.399
2023-10-31 22:08:21,569:INFO:Epoch 7 / 10
2023-10-31 22:09:42,015:INFO:Training Loss: 0.018
2023-10-31 22:09:42,016:INFO:Validation Loss: 0.500
2023-10-31 22:09:42,016:INFO:Epoch 8 / 10
2023-10-31 22:11:02,823:INFO:Training Loss: 0.020
2023-10-31 22:11:02,823:INFO:Validation Loss: 0.393
2023-10-31 22:11:02,823:INFO:Epoch 9 / 10
2023-10-31 22:12:23,555:INFO:Training Loss: 0.011
2023-10-31 22:12:23,556:INFO:Validation Loss: 0.516
2023-10-31 22:12:23,556:INFO:Epoch 10 / 10
2023-10-31 22:13:43,817:INFO:Training Loss: 0.010
2023-10-31 22:13:43,817:INFO:Validation Loss: 0.554
2023-10-31 22:13:46,853:INFO:accuracy:0.904
2023-10-31 23:21:52,155:INFO:learning rate 1e-05
2023-10-31 23:21:53,838:INFO:Epoch 1 / 5
2023-10-31 23:23:16,977:INFO:SAVING MODEL
2023-10-31 23:23:17,883:INFO:Training Loss: 0.392
2023-10-31 23:23:17,883:INFO:Validation Loss: 0.225
2023-10-31 23:23:17,883:INFO:Epoch 2 / 5
2023-10-31 23:24:38,998:INFO:SAVING MODEL
2023-10-31 23:24:39,910:INFO:Training Loss: 0.214
2023-10-31 23:24:39,910:INFO:Validation Loss: 0.204
2023-10-31 23:24:39,910:INFO:Epoch 3 / 5
2023-10-31 23:26:00,866:INFO:Training Loss: 0.148
2023-10-31 23:26:00,866:INFO:Validation Loss: 0.257
2023-10-31 23:26:00,866:INFO:Epoch 4 / 5
2023-10-31 23:27:21,349:INFO:Training Loss: 0.107
2023-10-31 23:27:21,349:INFO:Validation Loss: 0.265
2023-10-31 23:27:21,349:INFO:Epoch 5 / 5
2023-10-31 23:28:42,168:INFO:Training Loss: 0.061
2023-10-31 23:28:42,168:INFO:Validation Loss: 0.275
2023-10-31 23:28:42,168:INFO:learning rate 5e-06
2023-10-31 23:28:43,624:INFO:Epoch 1 / 5
2023-10-31 23:30:04,737:INFO:Training Loss: 0.511
2023-10-31 23:30:04,737:INFO:Validation Loss: 0.287
2023-10-31 23:30:04,737:INFO:Epoch 2 / 5
2023-10-31 23:31:25,489:INFO:Training Loss: 0.251
2023-10-31 23:31:25,489:INFO:Validation Loss: 0.227
2023-10-31 23:31:25,489:INFO:Epoch 3 / 5
2023-10-31 23:32:46,559:INFO:Training Loss: 0.181
2023-10-31 23:32:46,559:INFO:Validation Loss: 0.223
2023-10-31 23:32:46,559:INFO:Epoch 4 / 5
2023-10-31 23:34:07,575:INFO:Training Loss: 0.139
2023-10-31 23:34:07,575:INFO:Validation Loss: 0.236
2023-10-31 23:34:07,575:INFO:Epoch 5 / 5
2023-10-31 23:35:28,209:INFO:Training Loss: 0.107
2023-10-31 23:35:28,210:INFO:Validation Loss: 0.258
2023-10-31 23:35:28,210:INFO:learning rate 1e-06
2023-10-31 23:35:29,709:INFO:Epoch 1 / 5
2023-10-31 23:36:50,464:INFO:Training Loss: 0.680
2023-10-31 23:36:50,464:INFO:Validation Loss: 0.637
2023-10-31 23:36:50,464:INFO:Epoch 2 / 5
2023-10-31 23:38:11,434:INFO:Training Loss: 0.572
2023-10-31 23:38:11,434:INFO:Validation Loss: 0.464
2023-10-31 23:38:11,434:INFO:Epoch 3 / 5
2023-10-31 23:39:32,137:INFO:Training Loss: 0.407
2023-10-31 23:39:32,137:INFO:Validation Loss: 0.326
2023-10-31 23:39:32,137:INFO:Epoch 4 / 5
2023-10-31 23:40:53,063:INFO:Training Loss: 0.320
2023-10-31 23:40:53,063:INFO:Validation Loss: 0.278
2023-10-31 23:40:53,063:INFO:Epoch 5 / 5
2023-10-31 23:42:13,896:INFO:Training Loss: 0.278
2023-10-31 23:42:13,896:INFO:Validation Loss: 0.256
2023-10-31 23:42:16,817:INFO:accuracy:0.906
2023-11-01 13:48:27,880:INFO:learning rate 5e-05
2023-11-01 13:48:29,683:INFO:Epoch 1 / 5
2023-11-01 13:49:52,637:INFO:SAVING MODEL
2023-11-01 13:49:53,521:INFO:Training Loss: 0.335
2023-11-01 13:49:53,521:INFO:Validation Loss: 0.218
2023-11-01 13:49:53,521:INFO:Epoch 2 / 5
2023-11-01 13:51:14,045:INFO:SAVING MODEL
2023-11-01 13:51:14,966:INFO:Training Loss: 0.160
2023-11-01 13:51:14,967:INFO:Validation Loss: 0.212
2023-11-01 13:51:14,967:INFO:Epoch 3 / 5
2023-11-01 13:52:35,885:INFO:Training Loss: 0.092
2023-11-01 13:52:35,886:INFO:Validation Loss: 0.263
2023-11-01 13:52:35,886:INFO:Epoch 4 / 5
2023-11-01 13:53:56,413:INFO:Training Loss: 0.052
2023-11-01 13:53:56,413:INFO:Validation Loss: 0.321
2023-11-01 13:53:56,413:INFO:Epoch 5 / 5
2023-11-01 13:55:17,152:INFO:Training Loss: 0.035
2023-11-01 13:55:17,152:INFO:Validation Loss: 0.480
2023-11-01 13:55:17,152:INFO:learning rate 3e-05
2023-11-01 13:55:18,579:INFO:Epoch 1 / 5
2023-11-01 13:56:39,399:INFO:Training Loss: 0.402
2023-11-01 13:56:39,399:INFO:Validation Loss: 0.253
2023-11-01 13:56:39,399:INFO:Epoch 2 / 5
2023-11-01 13:58:00,261:INFO:Training Loss: 0.184
2023-11-01 13:58:00,261:INFO:Validation Loss: 0.223
2023-11-01 13:58:00,261:INFO:Epoch 3 / 5
2023-11-01 13:59:20,974:INFO:Training Loss: 0.103
2023-11-01 13:59:20,975:INFO:Validation Loss: 0.298
2023-11-01 13:59:20,975:INFO:Epoch 4 / 5
2023-11-01 14:00:41,456:INFO:Training Loss: 0.061
2023-11-01 14:00:41,457:INFO:Validation Loss: 0.312
2023-11-01 14:00:41,457:INFO:Epoch 5 / 5
2023-11-01 14:02:02,113:INFO:Training Loss: 0.040
2023-11-01 14:02:02,113:INFO:Validation Loss: 0.317
2023-11-01 14:02:02,113:INFO:learning rate 2e-05
2023-11-01 14:02:03,522:INFO:Epoch 1 / 5
2023-11-01 14:03:24,134:INFO:Training Loss: 0.369
2023-11-01 14:03:24,134:INFO:Validation Loss: 0.252
2023-11-01 14:03:24,134:INFO:Epoch 2 / 5
2023-11-01 14:04:44,592:INFO:Training Loss: 0.176
2023-11-01 14:04:44,592:INFO:Validation Loss: 0.215
2023-11-01 14:04:44,592:INFO:Epoch 3 / 5
2023-11-01 14:06:05,147:INFO:Training Loss: 0.095
2023-11-01 14:06:05,148:INFO:Validation Loss: 0.244
2023-11-01 14:06:05,148:INFO:Epoch 4 / 5
2023-11-01 14:07:26,247:INFO:Training Loss: 0.069
2023-11-01 14:07:26,248:INFO:Validation Loss: 0.323
2023-11-01 14:07:26,248:INFO:Epoch 5 / 5
2023-11-01 14:08:46,992:INFO:Training Loss: 0.043
2023-11-01 14:08:46,993:INFO:Validation Loss: 0.334
2023-11-01 14:08:46,993:INFO:learning rate 1e-05
2023-11-01 14:08:48,427:INFO:Epoch 1 / 5
2023-11-01 14:10:09,191:INFO:Training Loss: 0.436
2023-11-01 14:10:09,191:INFO:Validation Loss: 0.243
2023-11-01 14:10:09,191:INFO:Epoch 2 / 5
2023-11-01 14:11:29,910:INFO:Training Loss: 0.212
2023-11-01 14:11:29,910:INFO:Validation Loss: 0.213
2023-11-01 14:11:29,910:INFO:Epoch 3 / 5
2023-11-01 14:12:50,630:INFO:Training Loss: 0.132
2023-11-01 14:12:50,630:INFO:Validation Loss: 0.250
2023-11-01 14:12:50,630:INFO:Epoch 4 / 5
2023-11-01 14:14:11,186:INFO:Training Loss: 0.098
2023-11-01 14:14:11,186:INFO:Validation Loss: 0.307
2023-11-01 14:14:11,186:INFO:Epoch 5 / 5
2023-11-01 14:15:31,837:INFO:Training Loss: 0.061
2023-11-01 14:15:31,837:INFO:Validation Loss: 0.346
2023-11-01 14:15:34,909:INFO:accuracy:0.908
2023-11-01 15:34:23,846:INFO:Epoch 1 / 4
2023-11-01 15:35:56,690:INFO:SAVING MODEL
2023-11-01 15:35:57,551:INFO:Training Loss: 0.359
2023-11-01 15:35:57,551:INFO:Validation Loss: 0.259
2023-11-01 15:35:57,551:INFO:Epoch 2 / 4
2023-11-01 15:37:28,003:INFO:Training Loss: 0.205
2023-11-01 15:37:28,003:INFO:Validation Loss: 0.367
2023-11-01 15:37:28,003:INFO:Epoch 3 / 4
2023-11-01 15:41:02,009:INFO:learning_rate:3e-05, batch_size:32, num_epoch:1, dropout:0
2023-11-01 15:41:05,780:INFO:Epoch 1 / 1
2023-11-01 15:41:28,584:INFO:SAVING MODEL
2023-11-01 15:41:29,356:INFO:Training Loss: 0.489
2023-11-01 15:41:29,356:INFO:Validation Loss: 0.468
2023-11-01 15:43:47,049:INFO:learning_rate:3e-05, batch_size:128, num_epoch:1, dropout:0.1
2023-11-01 15:43:50,788:INFO:Epoch 1 / 1
2023-11-01 15:44:05,531:INFO:SAVING MODEL
2023-11-01 15:44:06,476:INFO:Training Loss: 0.567
2023-11-01 15:44:06,477:INFO:Validation Loss: 0.530
2023-11-01 15:44:07,328:INFO:accuracy:0.77
2023-11-01 15:44:07,330:INFO:learning_rate:3e-05, batch_size:128, num_epoch:1, dropout:0.1
2023-11-01 15:44:08,663:INFO:Epoch 1 / 1
2023-11-01 15:45:17,642:INFO:learning_rate:3e-05, batch_size:32, num_epoch:4, dropout:0
2023-11-01 15:45:21,678:INFO:Epoch 1 / 4
2023-11-01 15:46:45,529:INFO:SAVING MODEL
2023-11-01 15:46:46,449:INFO:Training Loss: 0.353
2023-11-01 15:46:46,449:INFO:Validation Loss: 0.227
2023-11-01 15:46:46,449:INFO:Epoch 2 / 4
2023-11-01 15:48:06,918:INFO:SAVING MODEL
2023-11-01 15:48:07,803:INFO:Training Loss: 0.179
2023-11-01 15:48:07,803:INFO:Validation Loss: 0.211
2023-11-01 15:48:07,803:INFO:Epoch 3 / 4
2023-11-01 15:49:28,654:INFO:Training Loss: 0.102
2023-11-01 15:49:28,654:INFO:Validation Loss: 0.286
2023-11-01 15:49:28,654:INFO:Epoch 4 / 4
2023-11-01 15:50:49,379:INFO:Training Loss: 0.054
2023-11-01 15:50:49,379:INFO:Validation Loss: 0.397
2023-11-01 15:50:52,516:INFO:accuracy:0.928
2023-11-01 15:50:52,518:INFO:learning_rate:2e-05, batch_size:32, num_epoch:4, dropout:0
2023-11-01 15:50:54,134:INFO:Epoch 1 / 4
2023-11-01 15:52:14,934:INFO:SAVING MODEL
2023-11-01 15:52:15,852:INFO:Training Loss: 0.397
2023-11-01 15:52:15,853:INFO:Validation Loss: 0.205
2023-11-01 15:52:15,853:INFO:Epoch 2 / 4
2023-11-01 15:56:57,185:INFO:learning_rate:3e-05, batch_size:32, num_epoch:4, dropout:0.1
2023-11-01 15:57:01,429:INFO:Epoch 1 / 4
2023-11-01 15:58:24,805:INFO:SAVING MODEL
2023-11-01 15:58:25,764:INFO:Training Loss: 0.381
2023-11-01 15:58:25,765:INFO:Validation Loss: 0.261
2023-11-01 15:58:25,765:INFO:Epoch 2 / 4
2023-11-01 15:59:46,372:INFO:SAVING MODEL
2023-11-01 15:59:47,220:INFO:Training Loss: 0.184
2023-11-01 15:59:47,220:INFO:Validation Loss: 0.237
2023-11-01 15:59:47,220:INFO:Epoch 3 / 4
2023-11-01 16:01:07,944:INFO:Training Loss: 0.095
2023-11-01 16:01:07,944:INFO:Validation Loss: 0.406
2023-11-01 16:01:07,944:INFO:Epoch 4 / 4
2023-11-01 16:02:28,342:INFO:Training Loss: 0.061
2023-11-01 16:02:28,342:INFO:Validation Loss: 0.333
2023-11-01 16:02:31,645:INFO:accuracy:0.916
2023-11-01 16:02:31,646:INFO:learning_rate:3e-05, batch_size:32, num_epoch:4, dropout:0
2023-11-01 16:02:33,140:INFO:Epoch 1 / 4
2023-11-01 16:03:54,079:INFO:SAVING MODEL
2023-11-01 16:03:54,954:INFO:Training Loss: 0.360
2023-11-01 16:03:54,954:INFO:Validation Loss: 0.271
2023-11-01 16:03:54,954:INFO:Epoch 2 / 4
2023-11-01 16:05:15,533:INFO:SAVING MODEL
2023-11-01 16:05:16,447:INFO:Training Loss: 0.174
2023-11-01 16:05:16,447:INFO:Validation Loss: 0.270
2023-11-01 16:05:16,447:INFO:Epoch 3 / 4
2023-11-01 16:06:37,009:INFO:Training Loss: 0.100
2023-11-01 16:06:37,009:INFO:Validation Loss: 0.381
2023-11-01 16:06:37,009:INFO:Epoch 4 / 4
2023-11-01 16:07:57,860:INFO:Training Loss: 0.059
2023-11-01 16:07:57,860:INFO:Validation Loss: 0.443
2023-11-01 16:08:01,017:INFO:accuracy:0.912
2023-11-01 16:08:01,019:INFO:learning_rate:5e-05, batch_size:32, num_epoch:4, dropout:0.1
2023-11-01 16:08:02,370:INFO:Epoch 1 / 4
2023-11-01 16:09:23,461:INFO:SAVING MODEL
2023-11-01 16:09:24,354:INFO:Training Loss: 0.341
2023-11-01 16:09:24,354:INFO:Validation Loss: 0.268
2023-11-01 16:09:24,354:INFO:Epoch 2 / 4
2023-11-01 16:10:45,080:INFO:SAVING MODEL
2023-11-01 16:10:45,769:INFO:Training Loss: 0.171
2023-11-01 16:10:45,769:INFO:Validation Loss: 0.229
2023-11-01 16:10:45,769:INFO:Epoch 3 / 4
2023-11-01 16:12:06,635:INFO:Training Loss: 0.108
2023-11-01 16:12:06,636:INFO:Validation Loss: 0.348
2023-11-01 16:12:06,636:INFO:Epoch 4 / 4
2023-11-01 16:13:27,314:INFO:Training Loss: 0.065
2023-11-01 16:13:27,314:INFO:Validation Loss: 0.451
2023-11-01 16:13:30,539:INFO:accuracy:0.922
2023-11-01 16:13:30,541:INFO:learning_rate:2e-05, batch_size:32, num_epoch:4, dropout:0.1
2023-11-01 16:13:31,842:INFO:Epoch 1 / 4
2023-11-01 16:14:52,522:INFO:SAVING MODEL
2023-11-01 16:14:53,392:INFO:Training Loss: 0.410
2023-11-01 16:14:53,392:INFO:Validation Loss: 0.224
2023-11-01 16:14:53,392:INFO:Epoch 2 / 4
2023-11-01 16:16:14,332:INFO:Training Loss: 0.195
2023-11-01 16:16:14,332:INFO:Validation Loss: 0.229
2023-11-01 16:16:14,332:INFO:Epoch 3 / 4
2023-11-01 16:17:35,068:INFO:Training Loss: 0.109
2023-11-01 16:17:35,068:INFO:Validation Loss: 0.294
2023-11-01 16:17:35,068:INFO:Epoch 4 / 4
2023-11-01 16:18:55,631:INFO:Training Loss: 0.059
2023-11-01 16:18:55,631:INFO:Validation Loss: 0.353
2023-11-01 16:18:58,898:INFO:accuracy:0.898
2023-11-01 16:18:58,900:INFO:learning_rate:5e-05, batch_size:32, num_epoch:4, dropout:0
2023-11-01 16:19:01,230:INFO:Epoch 1 / 4
2023-11-01 16:20:22,002:INFO:SAVING MODEL
2023-11-01 16:20:22,863:INFO:Training Loss: 0.325
2023-11-01 16:20:22,863:INFO:Validation Loss: 0.211
2023-11-01 16:20:22,863:INFO:Epoch 2 / 4
2023-11-01 16:21:43,881:INFO:Training Loss: 0.178
2023-11-01 16:21:43,881:INFO:Validation Loss: 0.274
2023-11-01 16:21:43,881:INFO:Epoch 3 / 4
2023-11-01 16:23:04,469:INFO:Training Loss: 0.104
2023-11-01 16:23:04,470:INFO:Validation Loss: 0.358
2023-11-01 16:23:04,470:INFO:Epoch 4 / 4
2023-11-01 16:24:25,277:INFO:Training Loss: 0.053
2023-11-01 16:24:25,277:INFO:Validation Loss: 0.448
2023-11-01 16:24:28,389:INFO:accuracy:0.906
2023-11-01 19:39:53,294:INFO:learning_rate:5e-05, batch_size:128, num_epoch:2, dropout:0
2023-11-01 19:39:57,209:INFO:Epoch 1 / 2
2023-11-01 19:40:12,663:INFO:SAVING MODEL
2023-11-01 19:40:13,514:INFO:Training Loss: 0.571
2023-11-01 19:40:13,514:INFO:Validation Loss: 0.520
2023-11-01 19:40:13,514:INFO:Epoch 2 / 2
2023-11-01 19:40:25,397:INFO:SAVING MODEL
2023-11-01 19:40:26,196:INFO:Training Loss: 0.381
2023-11-01 19:40:26,196:INFO:Validation Loss: 0.511
2023-11-01 19:40:27,056:INFO:accuracy:0.828
2023-11-01 19:44:16,023:INFO:learning_rate:5e-05, batch_size:16, num_epoch:2, dropout:0
2023-11-01 19:44:19,766:INFO:Epoch 1 / 2
2023-11-01 19:45:53,408:INFO:SAVING MODEL
2023-11-01 19:45:54,250:INFO:Training Loss: 0.356
2023-11-01 19:45:54,250:INFO:Validation Loss: 0.364
2023-11-01 19:45:54,250:INFO:Epoch 2 / 2
2023-11-01 19:47:25,443:INFO:Training Loss: 0.187
2023-11-01 19:47:25,444:INFO:Validation Loss: 0.408
2023-11-01 19:47:28,847:INFO:accuracy:0.886
2023-11-01 19:47:28,850:INFO:learning_rate:5e-05, batch_size:16, num_epoch:2, dropout:0.1
2023-11-01 19:47:30,196:INFO:Epoch 1 / 2
2023-11-01 19:49:01,697:INFO:SAVING MODEL
2023-11-01 19:49:02,558:INFO:Training Loss: 0.358
2023-11-01 19:49:02,558:INFO:Validation Loss: 0.410
2023-11-01 19:49:02,558:INFO:Epoch 2 / 2
2023-11-01 19:50:33,344:INFO:SAVING MODEL
2023-11-01 19:50:34,235:INFO:Training Loss: 0.206
2023-11-01 19:50:34,235:INFO:Validation Loss: 0.330
2023-11-01 19:50:37,681:INFO:accuracy:0.928
2023-11-01 19:50:37,683:INFO:learning_rate:3e-05, batch_size:16, num_epoch:2, dropout:0
2023-11-01 19:50:38,907:INFO:Epoch 1 / 2
2023-11-01 19:52:09,427:INFO:SAVING MODEL
2023-11-01 19:52:10,292:INFO:Training Loss: 0.364
2023-11-01 19:52:10,292:INFO:Validation Loss: 0.215
2023-11-01 19:52:10,292:INFO:Epoch 2 / 2
2023-11-01 19:53:41,132:INFO:Training Loss: 0.173
2023-11-01 19:53:41,132:INFO:Validation Loss: 0.259
2023-11-01 19:53:44,567:INFO:accuracy:0.902
2023-11-01 19:53:44,570:INFO:learning_rate:3e-05, batch_size:16, num_epoch:2, dropout:0.1
2023-11-01 19:53:45,802:INFO:Epoch 1 / 2
2023-11-01 19:55:15,987:INFO:SAVING MODEL
2023-11-01 19:55:16,729:INFO:Training Loss: 0.340
2023-11-01 19:55:16,730:INFO:Validation Loss: 0.258
2023-11-01 19:55:16,730:INFO:Epoch 2 / 2
2023-11-01 19:56:46,879:INFO:Training Loss: 0.189
2023-11-01 19:56:46,879:INFO:Validation Loss: 0.262
2023-11-01 19:56:50,279:INFO:accuracy:0.91
2023-11-01 19:56:50,281:INFO:learning_rate:2e-05, batch_size:16, num_epoch:2, dropout:0
2023-11-01 19:56:51,476:INFO:Epoch 1 / 2
2023-11-01 19:58:22,298:INFO:SAVING MODEL
2023-11-01 19:58:23,213:INFO:Training Loss: 0.355
2023-11-01 19:58:23,213:INFO:Validation Loss: 0.262
2023-11-01 19:58:23,213:INFO:Epoch 2 / 2
2023-11-01 19:59:53,570:INFO:Training Loss: 0.183
2023-11-01 19:59:53,570:INFO:Validation Loss: 0.436
2023-11-01 19:59:56,992:INFO:accuracy:0.908
2023-11-01 19:59:57,003:INFO:learning_rate:2e-05, batch_size:16, num_epoch:2, dropout:0.1
2023-11-01 19:59:58,202:INFO:Epoch 1 / 2
2023-11-01 20:01:29,141:INFO:SAVING MODEL
2023-11-01 20:01:30,113:INFO:Training Loss: 0.340
2023-11-01 20:01:30,113:INFO:Validation Loss: 0.249
2023-11-01 20:01:30,113:INFO:Epoch 2 / 2
2023-11-01 20:03:01,128:INFO:Training Loss: 0.170
2023-11-01 20:03:01,128:INFO:Validation Loss: 0.258
2023-11-01 20:03:04,605:INFO:accuracy:0.924
2023-11-01 20:03:04,607:INFO:learning_rate:5e-05, batch_size:32, num_epoch:2, dropout:0
2023-11-01 20:03:05,837:INFO:Epoch 1 / 2
2023-11-01 20:04:26,754:INFO:SAVING MODEL
2023-11-01 20:04:27,621:INFO:Training Loss: 0.336
2023-11-01 20:04:27,621:INFO:Validation Loss: 0.233
2023-11-01 20:04:27,621:INFO:Epoch 2 / 2
2023-11-01 20:05:48,661:INFO:Training Loss: 0.187
2023-11-01 20:05:48,661:INFO:Validation Loss: 0.238
2023-11-01 20:05:51,788:INFO:accuracy:0.922
2023-11-01 20:05:51,790:INFO:learning_rate:5e-05, batch_size:32, num_epoch:2, dropout:0.1
2023-11-01 20:05:53,070:INFO:Epoch 1 / 2
2023-11-01 20:07:13,684:INFO:SAVING MODEL
2023-11-01 20:07:14,570:INFO:Training Loss: 0.349
2023-11-01 20:07:14,570:INFO:Validation Loss: 0.311
2023-11-01 20:07:14,570:INFO:Epoch 2 / 2
2023-11-01 20:08:34,968:INFO:SAVING MODEL
2023-11-01 20:08:35,696:INFO:Training Loss: 0.203
2023-11-01 20:08:35,696:INFO:Validation Loss: 0.276
2023-11-01 20:08:38,937:INFO:accuracy:0.912
2023-11-01 20:08:38,939:INFO:learning_rate:3e-05, batch_size:32, num_epoch:2, dropout:0
2023-11-01 20:08:40,140:INFO:Epoch 1 / 2
2023-11-01 20:10:00,777:INFO:SAVING MODEL
2023-11-01 20:10:01,670:INFO:Training Loss: 0.348
2023-11-01 20:10:01,670:INFO:Validation Loss: 0.386
2023-11-01 20:10:01,671:INFO:Epoch 2 / 2
2023-11-01 20:11:22,319:INFO:SAVING MODEL
2023-11-01 20:11:23,312:INFO:Training Loss: 0.175
2023-11-01 20:11:23,313:INFO:Validation Loss: 0.263
2023-11-01 20:11:26,538:INFO:accuracy:0.918
2023-11-01 20:11:26,540:INFO:learning_rate:3e-05, batch_size:32, num_epoch:2, dropout:0.1
2023-11-01 20:11:27,817:INFO:Epoch 1 / 2
2023-11-01 20:12:48,358:INFO:SAVING MODEL
2023-11-01 20:12:49,280:INFO:Training Loss: 0.347
2023-11-01 20:12:49,280:INFO:Validation Loss: 0.233
2023-11-01 20:12:49,280:INFO:Epoch 2 / 2
2023-11-01 20:14:10,466:INFO:Training Loss: 0.166
2023-11-01 20:14:10,466:INFO:Validation Loss: 0.342
2023-11-01 20:14:13,612:INFO:accuracy:0.914
2023-11-01 20:14:13,614:INFO:learning_rate:2e-05, batch_size:32, num_epoch:2, dropout:0
2023-11-01 20:14:14,856:INFO:Epoch 1 / 2
2023-11-01 20:15:35,527:INFO:SAVING MODEL
2023-11-01 20:15:36,389:INFO:Training Loss: 0.399
2023-11-01 20:15:36,390:INFO:Validation Loss: 0.303
2023-11-01 20:15:36,390:INFO:Epoch 2 / 2
2023-11-01 20:16:56,896:INFO:SAVING MODEL
2023-11-01 20:16:57,719:INFO:Training Loss: 0.185
2023-11-01 20:16:57,719:INFO:Validation Loss: 0.202
2023-11-01 20:17:01,009:INFO:accuracy:0.926
2023-11-01 20:17:01,011:INFO:learning_rate:2e-05, batch_size:32, num_epoch:2, dropout:0.1
2023-11-01 20:17:02,678:INFO:Epoch 1 / 2
2023-11-01 20:18:23,476:INFO:SAVING MODEL
2023-11-01 20:18:24,345:INFO:Training Loss: 0.351
2023-11-01 20:18:24,345:INFO:Validation Loss: 0.210
2023-11-01 20:18:24,345:INFO:Epoch 2 / 2
2023-11-01 20:19:45,097:INFO:Training Loss: 0.153
2023-11-01 20:19:45,097:INFO:Validation Loss: 0.241
2023-11-01 20:19:48,216:INFO:accuracy:0.918
2023-11-01 20:19:54,837:INFO:learning_rate:5e-05, batch_size:16, num_epoch:2, dropout:0
2023-11-01 20:19:56,066:INFO:Epoch 1 / 2
2023-11-01 20:21:26,384:INFO:SAVING MODEL
2023-11-01 20:21:27,310:INFO:Training Loss: 0.381
2023-11-01 20:21:27,311:INFO:Validation Loss: 0.244
2023-11-01 20:21:27,311:INFO:Epoch 2 / 2
2023-11-01 20:22:57,793:INFO:Training Loss: 0.214
2023-11-01 20:22:57,793:INFO:Validation Loss: 0.263
2023-11-01 20:23:01,197:INFO:accuracy:0.882
2023-11-01 20:23:01,200:INFO:learning_rate:5e-05, batch_size:16, num_epoch:2, dropout:0.1
2023-11-01 20:23:02,422:INFO:Epoch 1 / 2
2023-11-01 20:24:32,785:INFO:SAVING MODEL
2023-11-01 20:24:33,650:INFO:Training Loss: 0.355
2023-11-01 20:24:33,651:INFO:Validation Loss: 0.241
2023-11-01 20:24:33,651:INFO:Epoch 2 / 2
2023-11-01 20:26:05,279:INFO:Training Loss: 0.214
2023-11-01 20:26:05,280:INFO:Validation Loss: 0.291
2023-11-01 20:26:08,664:INFO:accuracy:0.896
2023-11-01 20:26:08,666:INFO:learning_rate:3e-05, batch_size:16, num_epoch:2, dropout:0
2023-11-01 20:26:09,897:INFO:Epoch 1 / 2
2023-11-01 20:27:40,760:INFO:SAVING MODEL
2023-11-01 20:27:41,722:INFO:Training Loss: 0.356
2023-11-01 20:27:41,722:INFO:Validation Loss: 0.213
2023-11-01 20:27:41,722:INFO:Epoch 2 / 2
2023-11-01 20:29:12,484:INFO:Training Loss: 0.182
2023-11-01 20:29:12,484:INFO:Validation Loss: 0.260
2023-11-01 20:29:15,900:INFO:accuracy:0.892
2023-11-01 20:29:15,902:INFO:learning_rate:3e-05, batch_size:16, num_epoch:2, dropout:0.1
2023-11-01 20:29:17,154:INFO:Epoch 1 / 2
2023-11-01 20:30:47,684:INFO:SAVING MODEL
2023-11-01 20:30:48,563:INFO:Training Loss: 0.377
2023-11-01 20:30:48,563:INFO:Validation Loss: 0.239
2023-11-01 20:30:48,563:INFO:Epoch 2 / 2
2023-11-01 20:32:18,856:INFO:Training Loss: 0.178
2023-11-01 20:32:18,856:INFO:Validation Loss: 0.378
2023-11-01 20:32:22,240:INFO:accuracy:0.888
2023-11-01 20:32:22,242:INFO:learning_rate:2e-05, batch_size:16, num_epoch:2, dropout:0
2023-11-01 20:32:23,376:INFO:Epoch 1 / 2
2023-11-01 20:33:53,955:INFO:SAVING MODEL
2023-11-01 20:33:54,837:INFO:Training Loss: 0.354
2023-11-01 20:33:54,837:INFO:Validation Loss: 0.216
2023-11-01 20:33:54,837:INFO:Epoch 2 / 2
2023-11-01 20:35:24,493:INFO:Training Loss: 0.187
2023-11-01 20:35:24,493:INFO:Validation Loss: 0.246
2023-11-01 20:35:27,917:INFO:accuracy:0.886
2023-11-01 20:35:27,923:INFO:learning_rate:2e-05, batch_size:16, num_epoch:2, dropout:0.1
2023-11-01 20:35:29,142:INFO:Epoch 1 / 2
2023-11-01 20:36:59,524:INFO:SAVING MODEL
2023-11-01 20:37:00,431:INFO:Training Loss: 0.363
2023-11-01 20:37:00,431:INFO:Validation Loss: 0.227
2023-11-01 20:37:00,431:INFO:Epoch 2 / 2
2023-11-01 20:38:31,079:INFO:Training Loss: 0.186
2023-11-01 20:38:31,079:INFO:Validation Loss: 0.306
2023-11-01 20:38:34,498:INFO:accuracy:0.894
2023-11-01 20:38:34,503:INFO:learning_rate:5e-05, batch_size:32, num_epoch:2, dropout:0
2023-11-01 20:38:35,771:INFO:Epoch 1 / 2
2023-11-01 20:39:56,309:INFO:SAVING MODEL
2023-11-01 20:39:57,309:INFO:Training Loss: 0.374
2023-11-01 20:39:57,309:INFO:Validation Loss: 0.310
2023-11-01 20:39:57,310:INFO:Epoch 2 / 2
2023-11-01 20:41:17,996:INFO:SAVING MODEL
2023-11-01 20:41:18,905:INFO:Training Loss: 0.170
2023-11-01 20:41:18,905:INFO:Validation Loss: 0.249
2023-11-01 20:41:22,203:INFO:accuracy:0.902
2023-11-01 20:41:22,205:INFO:learning_rate:5e-05, batch_size:32, num_epoch:2, dropout:0.1
2023-11-01 20:41:23,438:INFO:Epoch 1 / 2
2023-11-01 20:42:44,494:INFO:SAVING MODEL
2023-11-01 20:42:45,365:INFO:Training Loss: 0.369
2023-11-01 20:42:45,365:INFO:Validation Loss: 0.252
2023-11-01 20:42:45,365:INFO:Epoch 2 / 2
2023-11-01 20:44:06,288:INFO:Training Loss: 0.188
2023-11-01 20:44:06,288:INFO:Validation Loss: 0.268
2023-11-01 20:44:09,428:INFO:accuracy:0.872
2023-11-01 20:44:09,431:INFO:learning_rate:3e-05, batch_size:32, num_epoch:2, dropout:0
2023-11-01 20:44:10,629:INFO:Epoch 1 / 2
2023-11-01 20:45:31,310:INFO:SAVING MODEL
2023-11-01 20:45:32,203:INFO:Training Loss: 0.390
2023-11-01 20:45:32,203:INFO:Validation Loss: 0.236
2023-11-01 20:45:32,203:INFO:Epoch 2 / 2
2023-11-01 20:46:52,932:INFO:SAVING MODEL
2023-11-01 20:46:53,795:INFO:Training Loss: 0.187
2023-11-01 20:46:53,796:INFO:Validation Loss: 0.204
2023-11-01 20:46:57,090:INFO:accuracy:0.896
2023-11-01 20:46:57,092:INFO:learning_rate:3e-05, batch_size:32, num_epoch:2, dropout:0.1
2023-11-01 20:46:58,474:INFO:Epoch 1 / 2
2023-11-01 20:48:19,495:INFO:SAVING MODEL
2023-11-01 20:48:20,405:INFO:Training Loss: 0.349
2023-11-01 20:48:20,406:INFO:Validation Loss: 0.444
2023-11-01 20:48:20,406:INFO:Epoch 2 / 2
2023-11-01 20:49:41,221:INFO:SAVING MODEL
2023-11-01 20:49:42,102:INFO:Training Loss: 0.180
2023-11-01 20:49:42,102:INFO:Validation Loss: 0.245
2023-11-01 20:49:45,204:INFO:accuracy:0.904
2023-11-01 20:49:45,206:INFO:learning_rate:2e-05, batch_size:32, num_epoch:2, dropout:0
2023-11-01 20:49:46,689:INFO:Epoch 1 / 2
2023-11-01 20:51:07,563:INFO:SAVING MODEL
2023-11-01 20:51:08,485:INFO:Training Loss: 0.395
2023-11-01 20:51:08,486:INFO:Validation Loss: 0.226
2023-11-01 20:51:08,486:INFO:Epoch 2 / 2
2023-11-01 20:52:29,083:INFO:SAVING MODEL
2023-11-01 20:52:29,983:INFO:Training Loss: 0.180
2023-11-01 20:52:29,983:INFO:Validation Loss: 0.208
2023-11-01 20:52:33,068:INFO:accuracy:0.916
2023-11-01 20:52:33,071:INFO:learning_rate:2e-05, batch_size:32, num_epoch:2, dropout:0.1
2023-11-01 20:52:34,388:INFO:Epoch 1 / 2
2023-11-01 20:53:55,110:INFO:SAVING MODEL
2023-11-01 20:53:56,010:INFO:Training Loss: 0.383
2023-11-01 20:53:56,010:INFO:Validation Loss: 0.303
2023-11-01 20:53:56,010:INFO:Epoch 2 / 2
2023-11-01 20:55:16,738:INFO:SAVING MODEL
2023-11-01 20:55:17,628:INFO:Training Loss: 0.188
2023-11-01 20:55:17,628:INFO:Validation Loss: 0.273
2023-11-01 20:55:20,751:INFO:accuracy:0.874
2023-11-01 20:55:27,571:INFO:learning_rate:5e-05, batch_size:16, num_epoch:2, dropout:0
2023-11-01 20:55:28,762:INFO:Epoch 1 / 2
2023-11-01 20:56:59,487:INFO:SAVING MODEL
2023-11-01 20:57:00,396:INFO:Training Loss: 0.336
2023-11-01 20:57:00,396:INFO:Validation Loss: 0.373
2023-11-01 20:57:00,396:INFO:Epoch 2 / 2
2023-11-01 20:58:31,360:INFO:SAVING MODEL
2023-11-01 20:58:32,217:INFO:Training Loss: 0.192
2023-11-01 20:58:32,218:INFO:Validation Loss: 0.254
2023-11-01 20:58:35,539:INFO:accuracy:0.924
2023-11-01 20:58:35,542:INFO:learning_rate:5e-05, batch_size:16, num_epoch:2, dropout:0.1
2023-11-01 20:58:36,834:INFO:Epoch 1 / 2
2023-11-01 21:00:07,966:INFO:SAVING MODEL
2023-11-01 21:00:08,893:INFO:Training Loss: 0.346
2023-11-01 21:00:08,894:INFO:Validation Loss: 0.247
2023-11-01 21:00:08,894:INFO:Epoch 2 / 2
2023-11-01 21:01:39,562:INFO:Training Loss: 0.191
2023-11-01 21:01:39,562:INFO:Validation Loss: 0.256
2023-11-01 21:01:43,117:INFO:accuracy:0.914
2023-11-01 21:01:43,119:INFO:learning_rate:3e-05, batch_size:16, num_epoch:2, dropout:0
2023-11-01 21:01:44,478:INFO:Epoch 1 / 2
2023-11-01 21:03:16,320:INFO:SAVING MODEL
2023-11-01 21:03:17,236:INFO:Training Loss: 0.337
2023-11-01 21:03:17,236:INFO:Validation Loss: 0.235
2023-11-01 21:03:17,236:INFO:Epoch 2 / 2
2023-11-01 21:04:48,190:INFO:Training Loss: 0.203
2023-11-01 21:04:48,190:INFO:Validation Loss: 0.240
2023-11-01 21:04:51,791:INFO:accuracy:0.924
2023-11-01 21:04:51,793:INFO:learning_rate:3e-05, batch_size:16, num_epoch:2, dropout:0.1
2023-11-01 21:04:53,113:INFO:Epoch 1 / 2
2023-11-01 21:06:24,057:INFO:SAVING MODEL
2023-11-01 21:06:24,950:INFO:Training Loss: 0.365
2023-11-01 21:06:24,950:INFO:Validation Loss: 0.265
2023-11-01 21:06:24,950:INFO:Epoch 2 / 2
2023-11-01 21:07:55,622:INFO:SAVING MODEL
2023-11-01 21:07:56,539:INFO:Training Loss: 0.204
2023-11-01 21:07:56,540:INFO:Validation Loss: 0.223
2023-11-01 21:07:59,951:INFO:accuracy:0.924
2023-11-01 21:07:59,953:INFO:learning_rate:2e-05, batch_size:16, num_epoch:2, dropout:0
2023-11-01 21:08:01,322:INFO:Epoch 1 / 2
2023-11-01 21:09:32,268:INFO:SAVING MODEL
2023-11-01 21:09:33,193:INFO:Training Loss: 0.368
2023-11-01 21:09:33,194:INFO:Validation Loss: 0.288
2023-11-01 21:09:33,194:INFO:Epoch 2 / 2
2023-11-01 21:11:03,562:INFO:SAVING MODEL
2023-11-01 21:11:04,280:INFO:Training Loss: 0.192
2023-11-01 21:11:04,280:INFO:Validation Loss: 0.240
2023-11-01 21:11:07,667:INFO:accuracy:0.932
2023-11-01 21:11:07,669:INFO:learning_rate:2e-05, batch_size:16, num_epoch:2, dropout:0.1
2023-11-01 21:11:09,049:INFO:Epoch 1 / 2
2023-11-01 21:12:40,006:INFO:SAVING MODEL
2023-11-01 21:12:40,903:INFO:Training Loss: 0.346
2023-11-01 21:12:40,903:INFO:Validation Loss: 0.213
2023-11-01 21:12:40,903:INFO:Epoch 2 / 2
2023-11-01 21:14:11,725:INFO:Training Loss: 0.190
2023-11-01 21:14:11,726:INFO:Validation Loss: 0.297
2023-11-01 21:14:15,109:INFO:accuracy:0.934
2023-11-01 21:14:15,112:INFO:learning_rate:5e-05, batch_size:32, num_epoch:2, dropout:0
2023-11-01 21:14:16,349:INFO:Epoch 1 / 2
2023-11-01 21:15:37,058:INFO:SAVING MODEL
2023-11-01 21:15:37,937:INFO:Training Loss: 0.379
2023-11-01 21:15:37,937:INFO:Validation Loss: 0.229
2023-11-01 21:15:37,937:INFO:Epoch 2 / 2
2023-11-01 21:16:58,669:INFO:Training Loss: 0.199
2023-11-01 21:16:58,669:INFO:Validation Loss: 0.257
2023-11-01 21:17:01,823:INFO:accuracy:0.918
2023-11-01 21:17:01,826:INFO:learning_rate:5e-05, batch_size:32, num_epoch:2, dropout:0.1
2023-11-01 21:17:03,064:INFO:Epoch 1 / 2
2023-11-01 21:18:23,903:INFO:SAVING MODEL
2023-11-01 21:18:24,782:INFO:Training Loss: 0.370
2023-11-01 21:18:24,782:INFO:Validation Loss: 0.387
2023-11-01 21:18:24,782:INFO:Epoch 2 / 2
2023-11-01 21:19:45,789:INFO:SAVING MODEL
2023-11-01 21:19:46,680:INFO:Training Loss: 0.190
2023-11-01 21:19:46,680:INFO:Validation Loss: 0.298
2023-11-01 21:19:50,055:INFO:accuracy:0.902
2023-11-01 21:19:50,058:INFO:learning_rate:3e-05, batch_size:32, num_epoch:2, dropout:0
2023-11-01 21:19:51,419:INFO:Epoch 1 / 2
2023-11-01 21:21:12,040:INFO:SAVING MODEL
2023-11-01 21:21:12,973:INFO:Training Loss: 0.371
2023-11-01 21:21:12,973:INFO:Validation Loss: 0.240
2023-11-01 21:21:12,973:INFO:Epoch 2 / 2
2023-11-01 21:22:33,895:INFO:Training Loss: 0.194
2023-11-01 21:22:33,895:INFO:Validation Loss: 0.299
2023-11-01 21:22:36,998:INFO:accuracy:0.918
2023-11-01 21:22:37,000:INFO:learning_rate:3e-05, batch_size:32, num_epoch:2, dropout:0.1
2023-11-01 21:22:38,224:INFO:Epoch 1 / 2
2023-11-01 21:23:59,162:INFO:SAVING MODEL
2023-11-01 21:24:00,126:INFO:Training Loss: 0.383
2023-11-01 21:24:00,126:INFO:Validation Loss: 0.259
2023-11-01 21:24:00,126:INFO:Epoch 2 / 2
2023-11-01 21:25:21,230:INFO:SAVING MODEL
2023-11-01 21:25:22,138:INFO:Training Loss: 0.168
2023-11-01 21:25:22,138:INFO:Validation Loss: 0.210
2023-11-01 21:25:25,225:INFO:accuracy:0.936
2023-11-01 21:25:25,227:INFO:learning_rate:2e-05, batch_size:32, num_epoch:2, dropout:0
2023-11-01 21:25:26,502:INFO:Epoch 1 / 2
2023-11-01 21:26:47,402:INFO:SAVING MODEL
2023-11-01 21:26:48,300:INFO:Training Loss: 0.392
2023-11-01 21:26:48,300:INFO:Validation Loss: 0.247
2023-11-01 21:26:48,300:INFO:Epoch 2 / 2
2023-11-01 21:28:08,928:INFO:Training Loss: 0.193
2023-11-01 21:28:08,928:INFO:Validation Loss: 0.285
2023-11-01 21:28:12,245:INFO:accuracy:0.92
2023-11-01 21:28:12,247:INFO:learning_rate:2e-05, batch_size:32, num_epoch:2, dropout:0.1
2023-11-01 21:28:13,445:INFO:Epoch 1 / 2
2023-11-01 21:29:34,168:INFO:SAVING MODEL
2023-11-01 21:29:35,103:INFO:Training Loss: 0.371
2023-11-01 21:29:35,103:INFO:Validation Loss: 0.227
2023-11-01 21:29:35,104:INFO:Epoch 2 / 2
2023-11-01 21:30:56,095:INFO:SAVING MODEL
2023-11-01 21:30:56,984:INFO:Training Loss: 0.173
2023-11-01 21:30:56,985:INFO:Validation Loss: 0.225
2023-11-01 21:31:00,328:INFO:accuracy:0.93
2023-11-02 14:05:32,473:INFO:learning_rate:5e-05, batch_size:32, num_epoch:4, dropout:0
2023-11-02 14:05:36,108:INFO:Epoch 1 / 4
2023-11-02 14:06:13,440:INFO:SAVING MODEL
2023-11-02 14:06:14,382:INFO:Training Loss: 0.675
2023-11-02 14:06:14,382:INFO:Validation Loss: 0.641
2023-11-02 14:06:14,382:INFO:Epoch 2 / 4
2023-11-02 14:06:49,076:INFO:SAVING MODEL
2023-11-02 14:06:50,047:INFO:Training Loss: 0.630
2023-11-02 14:06:50,047:INFO:Validation Loss: 0.594
2023-11-02 14:06:50,047:INFO:Epoch 3 / 4
2023-11-02 14:07:24,764:INFO:SAVING MODEL
2023-11-02 14:07:25,727:INFO:Training Loss: 0.604
2023-11-02 14:07:25,727:INFO:Validation Loss: 0.562
2023-11-02 14:07:25,727:INFO:Epoch 4 / 4
2023-11-02 14:08:00,303:INFO:Training Loss: 0.571
2023-11-02 14:08:00,303:INFO:Validation Loss: 0.604
2023-11-02 14:08:03,522:INFO:accuracy:0.734
2023-11-02 14:08:37,899:INFO:learning_rate:5e-05, batch_size:128, num_epoch:3, dropout:0.1
2023-11-02 14:08:41,597:INFO:Epoch 1 / 3
2023-11-02 14:09:12,491:INFO:SAVING MODEL
2023-11-02 14:09:13,337:INFO:Training Loss: 0.686
2023-11-02 14:09:13,337:INFO:Validation Loss: 0.671
2023-11-02 14:09:13,337:INFO:Epoch 2 / 3
2023-11-02 14:09:41,288:INFO:SAVING MODEL
2023-11-02 14:09:42,067:INFO:Training Loss: 0.665
2023-11-02 14:09:42,067:INFO:Validation Loss: 0.653
2023-11-02 14:09:42,067:INFO:Epoch 3 / 3
2023-11-02 14:10:10,204:INFO:SAVING MODEL
2023-11-02 14:10:11,083:INFO:Training Loss: 0.647
2023-11-02 14:10:11,084:INFO:Validation Loss: 0.637
2023-11-02 14:10:13,838:INFO:accuracy:0.674
2023-11-02 14:33:19,423:INFO:learning_rate:3e-05, batch_size:16, num_epoch:4, dropout:0.1
2023-11-02 14:33:23,258:INFO:Epoch 1 / 4
2023-11-02 15:24:20,434:INFO:learning_rate:5e-05, batch_size:32, num_epoch:3, dropout:0.1
2023-11-02 15:24:24,135:INFO:Epoch 1 / 3
2023-11-02 15:37:51,162:INFO:learning_rate:2e-05, batch_size:32, num_epoch:4, dropout:0
2023-11-02 15:37:54,815:INFO:Epoch 1 / 4
2023-11-02 15:39:17,908:INFO:SAVING MODEL
2023-11-02 15:39:18,812:INFO:Training Loss: 0.364
2023-11-02 15:39:18,812:INFO:Validation Loss: 0.276
2023-11-02 15:39:18,812:INFO:Epoch 2 / 4
2023-11-02 15:40:39,009:INFO:SAVING MODEL
2023-11-02 15:40:39,890:INFO:Training Loss: 0.180
2023-11-02 15:40:39,890:INFO:Validation Loss: 0.246
2023-11-02 15:40:39,890:INFO:Epoch 3 / 4
2023-11-02 15:42:00,466:INFO:Training Loss: 0.119
2023-11-02 15:42:00,466:INFO:Validation Loss: 0.291
2023-11-02 15:42:00,466:INFO:Epoch 4 / 4
2023-11-02 15:43:21,254:INFO:Training Loss: 0.067
2023-11-02 15:43:21,254:INFO:Validation Loss: 0.367
2023-11-02 15:43:24,520:INFO:accuracy:0.908
2023-11-02 15:43:24,521:INFO:learning_rate:3e-05, batch_size:16, num_epoch:2, dropout:0.1
2023-11-02 15:43:25,956:INFO:Epoch 1 / 2
2023-11-02 15:44:56,340:INFO:SAVING MODEL
2023-11-02 15:44:57,210:INFO:Training Loss: 0.400
2023-11-02 15:44:57,211:INFO:Validation Loss: 0.320
2023-11-02 15:44:57,211:INFO:Epoch 2 / 2
2023-11-02 15:46:28,726:INFO:Training Loss: 0.189
2023-11-02 15:46:28,727:INFO:Validation Loss: 0.324
2023-11-02 15:46:32,192:INFO:accuracy:0.88
2023-11-02 15:51:16,495:INFO:learning_rate:5e-05, batch_size:16, num_epoch:4, dropout:0
2023-11-02 15:51:20,586:INFO:Epoch 1 / 4
2023-11-02 15:52:53,983:INFO:SAVING MODEL
2023-11-02 15:52:54,884:INFO:Training Loss: 0.342
2023-11-02 15:52:54,884:INFO:Validation Loss: 0.233
2023-11-02 15:52:54,884:INFO:Epoch 2 / 4
2023-11-02 15:54:25,135:INFO:Training Loss: 0.201
2023-11-02 15:54:25,135:INFO:Validation Loss: 0.285
2023-11-02 15:54:25,135:INFO:Epoch 3 / 4
2023-11-02 15:55:55,316:INFO:Training Loss: 0.110
2023-11-02 15:55:55,316:INFO:Validation Loss: 0.367
2023-11-02 15:55:55,316:INFO:Epoch 4 / 4
2023-11-02 15:57:26,376:INFO:Training Loss: 0.068
2023-11-02 15:57:26,376:INFO:Validation Loss: 0.491
2023-11-02 15:57:29,863:INFO:accuracy:0.918
2023-11-02 15:57:29,868:INFO:learning_rate:3e-05, batch_size:32, num_epoch:3, dropout:0
2023-11-02 15:57:31,296:INFO:Epoch 1 / 3
2023-11-02 15:58:52,030:INFO:SAVING MODEL
2023-11-02 15:58:52,969:INFO:Training Loss: 0.391
2023-11-02 15:58:52,969:INFO:Validation Loss: 0.208
2023-11-02 15:58:52,970:INFO:Epoch 2 / 3
2023-11-02 16:00:13,718:INFO:Training Loss: 0.200
2023-11-02 16:00:13,718:INFO:Validation Loss: 0.248
2023-11-02 16:00:13,719:INFO:Epoch 3 / 3
2023-11-02 16:01:34,589:INFO:Training Loss: 0.092
2023-11-02 16:01:34,590:INFO:Validation Loss: 0.306
2023-11-02 16:01:37,756:INFO:accuracy:0.918
2023-11-02 16:01:37,758:INFO:learning_rate:5e-05, batch_size:16, num_epoch:3, dropout:0
2023-11-02 16:01:39,242:INFO:Epoch 1 / 3
2023-11-02 16:03:09,609:INFO:SAVING MODEL
2023-11-02 16:03:10,503:INFO:Training Loss: 0.368
2023-11-02 16:03:10,503:INFO:Validation Loss: 0.238
2023-11-02 16:03:10,503:INFO:Epoch 2 / 3
2023-11-02 16:04:41,204:INFO:Training Loss: 0.200
2023-11-02 16:04:41,204:INFO:Validation Loss: 0.514
2023-11-02 16:04:41,204:INFO:Epoch 3 / 3
2023-11-02 16:06:11,524:INFO:Training Loss: 0.124
2023-11-02 16:06:11,524:INFO:Validation Loss: 0.266
2023-11-02 16:06:15,095:INFO:accuracy:0.926
2023-11-02 16:06:15,096:INFO:learning_rate:5e-05, batch_size:16, num_epoch:2, dropout:0.1
2023-11-02 16:06:16,431:INFO:Epoch 1 / 2
2023-11-02 16:07:47,542:INFO:SAVING MODEL
2023-11-02 16:07:48,315:INFO:Training Loss: 0.388
2023-11-02 16:07:48,316:INFO:Validation Loss: 0.331
2023-11-02 16:07:48,316:INFO:Epoch 2 / 2
2023-11-02 16:09:19,114:INFO:Training Loss: 0.197
2023-11-02 16:09:19,114:INFO:Validation Loss: 0.334
2023-11-02 16:09:22,562:INFO:accuracy:0.854
2023-11-02 16:09:22,565:INFO:learning_rate:2e-05, batch_size:16, num_epoch:4, dropout:0.1
2023-11-02 16:09:23,893:INFO:Epoch 1 / 4
2023-11-02 16:10:55,063:INFO:SAVING MODEL
2023-11-02 16:10:56,004:INFO:Training Loss: 0.361
2023-11-02 16:10:56,005:INFO:Validation Loss: 0.300
2023-11-02 16:10:56,005:INFO:Epoch 2 / 4
2023-11-02 16:12:26,399:INFO:Training Loss: 0.186
2023-11-02 16:12:26,399:INFO:Validation Loss: 0.316
2023-11-02 16:12:26,399:INFO:Epoch 3 / 4
2023-11-02 16:13:57,028:INFO:Training Loss: 0.102
2023-11-02 16:13:57,029:INFO:Validation Loss: 0.375
2023-11-02 16:13:57,029:INFO:Epoch 4 / 4
2023-11-02 16:15:27,560:INFO:Training Loss: 0.060
2023-11-02 16:15:27,560:INFO:Validation Loss: 0.378
2023-11-02 16:15:30,978:INFO:accuracy:0.894
2023-11-02 16:15:30,981:INFO:learning_rate:5e-05, batch_size:32, num_epoch:4, dropout:0.1
2023-11-02 16:15:32,323:INFO:Epoch 1 / 4
2023-11-02 16:16:52,853:INFO:SAVING MODEL
2023-11-02 16:16:53,711:INFO:Training Loss: 0.338
2023-11-02 16:16:53,711:INFO:Validation Loss: 0.222
2023-11-02 16:16:53,711:INFO:Epoch 2 / 4
2023-11-02 16:18:14,485:INFO:Training Loss: 0.178
2023-11-02 16:18:14,485:INFO:Validation Loss: 0.353
2023-11-02 16:18:14,485:INFO:Epoch 3 / 4
2023-11-02 16:19:34,955:INFO:Training Loss: 0.094
2023-11-02 16:19:34,955:INFO:Validation Loss: 0.498
2023-11-02 16:19:34,955:INFO:Epoch 4 / 4
2023-11-02 16:20:55,772:INFO:Training Loss: 0.074
2023-11-02 16:20:55,772:INFO:Validation Loss: 0.390
2023-11-02 16:20:58,862:INFO:accuracy:0.936
2023-11-02 16:20:58,864:INFO:learning_rate:5e-05, batch_size:32, num_epoch:2, dropout:0.1
2023-11-02 16:21:00,261:INFO:Epoch 1 / 2
2023-11-02 16:22:20,715:INFO:SAVING MODEL
2023-11-02 16:22:21,660:INFO:Training Loss: 0.369
2023-11-02 16:22:21,660:INFO:Validation Loss: 0.302
2023-11-02 16:22:21,660:INFO:Epoch 2 / 2
2023-11-02 16:23:42,334:INFO:SAVING MODEL
2023-11-02 16:23:43,221:INFO:Training Loss: 0.196
2023-11-02 16:23:43,221:INFO:Validation Loss: 0.220
2023-11-02 16:23:46,480:INFO:accuracy:0.938
2023-11-02 16:23:46,482:INFO:learning_rate:5e-05, batch_size:32, num_epoch:3, dropout:0
2023-11-02 16:23:47,768:INFO:Epoch 1 / 3
2023-11-02 16:25:07,968:INFO:SAVING MODEL
2023-11-02 16:25:08,823:INFO:Training Loss: 0.360
2023-11-02 16:25:08,823:INFO:Validation Loss: 0.216
2023-11-02 16:25:08,823:INFO:Epoch 2 / 3
2023-11-02 16:26:29,542:INFO:Training Loss: 0.185
2023-11-02 16:26:29,542:INFO:Validation Loss: 0.464
2023-11-02 16:26:29,542:INFO:Epoch 3 / 3
2023-11-02 16:27:50,222:INFO:Training Loss: 0.108
2023-11-02 16:27:50,223:INFO:Validation Loss: 0.375
2023-11-02 16:27:53,368:INFO:accuracy:0.908
2023-11-02 16:27:53,370:INFO:learning_rate:5e-05, batch_size:32, num_epoch:4, dropout:0
2023-11-02 16:27:54,739:INFO:Epoch 1 / 4
2023-11-02 16:29:15,568:INFO:SAVING MODEL
2023-11-02 16:29:16,492:INFO:Training Loss: 0.356
2023-11-02 16:29:16,492:INFO:Validation Loss: 0.233
2023-11-02 16:29:16,492:INFO:Epoch 2 / 4
2023-11-02 16:30:37,622:INFO:SAVING MODEL
2023-11-02 16:30:38,521:INFO:Training Loss: 0.193
2023-11-02 16:30:38,522:INFO:Validation Loss: 0.216
2023-11-02 16:30:38,522:INFO:Epoch 3 / 4
2023-11-02 16:31:59,166:INFO:Training Loss: 0.095
2023-11-02 16:31:59,167:INFO:Validation Loss: 0.345
2023-11-02 16:31:59,167:INFO:Epoch 4 / 4
2023-11-02 16:33:19,856:INFO:Training Loss: 0.064
2023-11-02 16:33:19,857:INFO:Validation Loss: 0.333
2023-11-02 16:33:23,025:INFO:accuracy:0.932
2023-11-02 16:33:23,027:INFO:learning_rate:5e-05, batch_size:16, num_epoch:4, dropout:0
2023-11-02 16:33:24,355:INFO:Epoch 1 / 4
2023-11-02 16:34:55,864:INFO:SAVING MODEL
2023-11-02 16:34:56,742:INFO:Training Loss: 0.350
2023-11-02 16:34:56,742:INFO:Validation Loss: 0.300
2023-11-02 16:34:56,742:INFO:Epoch 2 / 4
2023-11-02 16:36:27,181:INFO:SAVING MODEL
2023-11-02 16:36:28,076:INFO:Training Loss: 0.207
2023-11-02 16:36:28,077:INFO:Validation Loss: 0.295
2023-11-02 16:36:28,077:INFO:Epoch 3 / 4
2023-11-02 16:37:58,209:INFO:Training Loss: 0.123
2023-11-02 16:37:58,210:INFO:Validation Loss: 0.465
2023-11-02 16:37:58,210:INFO:Epoch 4 / 4
2023-11-02 16:39:28,321:INFO:Training Loss: 0.065
2023-11-02 16:39:28,321:INFO:Validation Loss: 0.625
2023-11-02 16:39:31,773:INFO:accuracy:0.904
2023-11-02 16:39:31,778:INFO:learning_rate:3e-05, batch_size:16, num_epoch:4, dropout:0
2023-11-02 16:39:33,110:INFO:Epoch 1 / 4
2023-11-02 16:41:01,316:INFO:SAVING MODEL
2023-11-02 16:41:02,169:INFO:Training Loss: 0.341
2023-11-02 16:41:02,170:INFO:Validation Loss: 0.259
2023-11-02 16:41:02,170:INFO:Epoch 2 / 4
2023-11-02 16:42:30,332:INFO:Training Loss: 0.191
2023-11-02 16:42:30,332:INFO:Validation Loss: 0.260
2023-11-02 16:42:30,332:INFO:Epoch 3 / 4
2023-11-02 16:43:58,604:INFO:Training Loss: 0.118
2023-11-02 16:43:58,605:INFO:Validation Loss: 0.324
2023-11-02 16:43:58,605:INFO:Epoch 4 / 4
2023-11-02 16:45:26,963:INFO:Training Loss: 0.059
2023-11-02 16:45:26,963:INFO:Validation Loss: 0.453
2023-11-02 16:45:30,373:INFO:accuracy:0.92
2023-11-02 16:45:30,375:INFO:learning_rate:5e-05, batch_size:16, num_epoch:3, dropout:0.1
2023-11-02 16:45:31,674:INFO:Epoch 1 / 3
2023-11-02 16:46:59,746:INFO:SAVING MODEL
2023-11-02 16:47:00,619:INFO:Training Loss: 0.385
2023-11-02 16:47:00,620:INFO:Validation Loss: 0.247
2023-11-02 16:47:00,620:INFO:Epoch 2 / 3
2023-11-02 16:48:29,046:INFO:Training Loss: 0.212
2023-11-02 16:48:29,046:INFO:Validation Loss: 0.294
2023-11-02 16:48:29,046:INFO:Epoch 3 / 3
2023-11-02 16:49:56,984:INFO:Training Loss: 0.133
2023-11-02 16:49:56,984:INFO:Validation Loss: 0.381
2023-11-02 16:50:00,371:INFO:accuracy:0.914
2023-11-02 16:50:00,373:INFO:learning_rate:3e-05, batch_size:16, num_epoch:4, dropout:0.1
2023-11-02 16:50:01,788:INFO:Epoch 1 / 4
2023-11-02 16:51:30,156:INFO:SAVING MODEL
2023-11-02 16:51:31,097:INFO:Training Loss: 0.377
2023-11-02 16:51:31,098:INFO:Validation Loss: 0.246
2023-11-02 16:51:31,098:INFO:Epoch 2 / 4
2023-11-02 16:52:59,515:INFO:SAVING MODEL
2023-11-02 16:53:00,393:INFO:Training Loss: 0.209
2023-11-02 16:53:00,393:INFO:Validation Loss: 0.219
2023-11-02 16:53:00,393:INFO:Epoch 3 / 4
2023-11-02 16:54:28,510:INFO:Training Loss: 0.113
2023-11-02 16:54:28,510:INFO:Validation Loss: 0.332
2023-11-02 16:54:28,510:INFO:Epoch 4 / 4
2023-11-02 16:55:56,526:INFO:Training Loss: 0.051
2023-11-02 16:55:56,527:INFO:Validation Loss: 0.295
2023-11-02 16:55:59,947:INFO:accuracy:0.922
2023-11-02 16:55:59,949:INFO:learning_rate:5e-05, batch_size:32, num_epoch:4, dropout:0
2023-11-02 16:56:01,334:INFO:Epoch 1 / 4
2023-11-02 16:57:20,863:INFO:SAVING MODEL
2023-11-02 16:57:21,764:INFO:Training Loss: 0.368
2023-11-02 16:57:21,764:INFO:Validation Loss: 0.260
2023-11-02 16:57:21,764:INFO:Epoch 2 / 4
2023-11-02 16:58:41,478:INFO:Training Loss: 0.206
2023-11-02 16:58:41,478:INFO:Validation Loss: 0.270
2023-11-02 16:58:41,478:INFO:Epoch 3 / 4
2023-11-02 17:00:01,068:INFO:Training Loss: 0.118
2023-11-02 17:00:01,068:INFO:Validation Loss: 0.288
2023-11-02 17:00:01,068:INFO:Epoch 4 / 4
2023-11-02 17:01:20,539:INFO:Training Loss: 0.064
2023-11-02 17:01:20,539:INFO:Validation Loss: 0.348
2023-11-02 17:01:23,627:INFO:accuracy:0.896
2023-11-02 17:01:23,629:INFO:learning_rate:3e-05, batch_size:32, num_epoch:4, dropout:0.1
2023-11-02 17:01:25,047:INFO:Epoch 1 / 4
2023-11-02 17:02:44,744:INFO:SAVING MODEL
2023-11-02 17:02:45,643:INFO:Training Loss: 0.395
2023-11-02 17:02:45,643:INFO:Validation Loss: 0.322
2023-11-02 17:02:45,643:INFO:Epoch 2 / 4
2023-11-02 17:04:04,999:INFO:SAVING MODEL
2023-11-02 17:04:05,856:INFO:Training Loss: 0.193
2023-11-02 17:04:05,857:INFO:Validation Loss: 0.209
2023-11-02 17:04:05,857:INFO:Epoch 3 / 4
2023-11-02 17:05:25,290:INFO:Training Loss: 0.100
2023-11-02 17:05:25,290:INFO:Validation Loss: 0.277
2023-11-02 17:05:25,290:INFO:Epoch 4 / 4
2023-11-02 17:06:44,780:INFO:Training Loss: 0.053
2023-11-02 17:06:44,780:INFO:Validation Loss: 0.354
2023-11-02 17:06:47,868:INFO:accuracy:0.924
2023-11-02 17:06:47,871:INFO:learning_rate:5e-05, batch_size:16, num_epoch:4, dropout:0
2023-11-02 17:06:50,329:INFO:Epoch 1 / 4
2023-11-02 17:08:17,566:INFO:SAVING MODEL
2023-11-02 17:08:18,447:INFO:Training Loss: 0.372
2023-11-02 17:08:18,448:INFO:Validation Loss: 0.399
2023-11-02 17:08:18,448:INFO:Epoch 2 / 4
2023-11-02 17:09:46,393:INFO:SAVING MODEL
2023-11-02 17:09:47,263:INFO:Training Loss: 0.223
2023-11-02 17:09:47,263:INFO:Validation Loss: 0.302
2023-11-02 17:09:47,263:INFO:Epoch 3 / 4
2023-11-02 17:11:14,708:INFO:SAVING MODEL
2023-11-02 17:11:15,623:INFO:Training Loss: 0.125
2023-11-02 17:11:15,623:INFO:Validation Loss: 0.259
2023-11-02 17:11:15,623:INFO:Epoch 4 / 4
2023-11-02 17:12:43,220:INFO:Training Loss: 0.088
2023-11-02 17:12:43,220:INFO:Validation Loss: 0.350
2023-11-02 17:12:46,610:INFO:accuracy:0.906
2023-11-02 17:12:46,613:INFO:learning_rate:2e-05, batch_size:32, num_epoch:2, dropout:0.1
2023-11-02 17:12:47,938:INFO:Epoch 1 / 2
2023-11-02 17:14:06,880:INFO:SAVING MODEL
2023-11-02 17:14:07,765:INFO:Training Loss: 0.350
2023-11-02 17:14:07,766:INFO:Validation Loss: 0.216
2023-11-02 17:14:07,766:INFO:Epoch 2 / 2
2023-11-02 17:15:26,914:INFO:Training Loss: 0.190
2023-11-02 17:15:26,914:INFO:Validation Loss: 0.238
2023-11-02 17:15:30,025:INFO:accuracy:0.936
2023-11-02 17:15:30,027:INFO:learning_rate:3e-05, batch_size:16, num_epoch:3, dropout:0
2023-11-02 17:15:31,233:INFO:Epoch 1 / 3
2023-11-02 17:16:59,186:INFO:SAVING MODEL
2023-11-02 17:17:00,085:INFO:Training Loss: 0.359
2023-11-02 17:17:00,085:INFO:Validation Loss: 0.246
2023-11-02 17:17:00,085:INFO:Epoch 2 / 3
2023-11-02 17:18:27,456:INFO:Training Loss: 0.205
2023-11-02 17:18:27,457:INFO:Validation Loss: 0.306
2023-11-02 17:18:27,457:INFO:Epoch 3 / 3
2023-11-02 17:19:55,089:INFO:Training Loss: 0.124
2023-11-02 17:19:55,090:INFO:Validation Loss: 0.299
2023-11-02 17:19:58,713:INFO:accuracy:0.902
2023-11-02 17:19:58,714:INFO:learning_rate:5e-05, batch_size:16, num_epoch:2, dropout:0.1
2023-11-02 17:19:59,973:INFO:Epoch 1 / 2
2023-11-02 17:21:28,017:INFO:SAVING MODEL
2023-11-02 17:21:28,867:INFO:Training Loss: 0.366
2023-11-02 17:21:28,867:INFO:Validation Loss: 0.332
2023-11-02 17:21:28,867:INFO:Epoch 2 / 2
2023-11-02 17:22:56,552:INFO:Training Loss: 0.212
2023-11-02 17:22:56,552:INFO:Validation Loss: 0.433
2023-11-02 17:22:59,945:INFO:accuracy:0.92
2023-11-02 17:22:59,948:INFO:learning_rate:5e-05, batch_size:16, num_epoch:4, dropout:0
2023-11-02 17:23:01,236:INFO:Epoch 1 / 4
2023-11-02 17:24:28,810:INFO:SAVING MODEL
2023-11-02 17:24:29,649:INFO:Training Loss: 0.366
2023-11-02 17:24:29,649:INFO:Validation Loss: 0.257
2023-11-02 17:24:29,649:INFO:Epoch 2 / 4
2023-11-02 17:25:57,500:INFO:SAVING MODEL
2023-11-02 17:25:58,340:INFO:Training Loss: 0.209
2023-11-02 17:25:58,341:INFO:Validation Loss: 0.242
2023-11-02 17:25:58,341:INFO:Epoch 3 / 4
2023-11-02 17:27:26,363:INFO:Training Loss: 0.120
2023-11-02 17:27:26,363:INFO:Validation Loss: 0.431
2023-11-02 17:27:26,363:INFO:Epoch 4 / 4
2023-11-02 17:28:54,219:INFO:Training Loss: 0.076
2023-11-02 17:28:54,219:INFO:Validation Loss: 0.575
2023-11-02 17:28:57,695:INFO:accuracy:0.924
2023-11-02 17:28:57,698:INFO:learning_rate:5e-05, batch_size:16, num_epoch:3, dropout:0
2023-11-02 17:28:58,997:INFO:Epoch 1 / 3
2023-11-02 17:30:26,311:INFO:SAVING MODEL
2023-11-02 17:30:27,177:INFO:Training Loss: 0.409
2023-11-02 17:30:27,177:INFO:Validation Loss: 0.357
2023-11-02 17:30:27,177:INFO:Epoch 2 / 3
2023-11-02 17:31:54,852:INFO:SAVING MODEL
2023-11-02 17:31:55,768:INFO:Training Loss: 0.234
2023-11-02 17:31:55,769:INFO:Validation Loss: 0.313
2023-11-02 17:31:55,769:INFO:Epoch 3 / 3
2023-11-02 17:33:23,686:INFO:Training Loss: 0.154
2023-11-02 17:33:23,686:INFO:Validation Loss: 0.358
2023-11-02 17:33:27,158:INFO:accuracy:0.918
2023-11-02 17:33:27,160:INFO:learning_rate:2e-05, batch_size:32, num_epoch:2, dropout:0.1
2023-11-02 17:33:28,492:INFO:Epoch 1 / 2
2023-11-02 17:34:47,254:INFO:SAVING MODEL
2023-11-02 17:34:48,115:INFO:Training Loss: 0.398
2023-11-02 17:34:48,116:INFO:Validation Loss: 0.220
2023-11-02 17:34:48,116:INFO:Epoch 2 / 2
2023-11-02 17:36:06,854:INFO:SAVING MODEL
2023-11-02 17:36:07,688:INFO:Training Loss: 0.190
2023-11-02 17:36:07,688:INFO:Validation Loss: 0.210
2023-11-02 17:36:10,760:INFO:accuracy:0.938
2023-11-02 17:36:10,762:INFO:learning_rate:5e-05, batch_size:16, num_epoch:2, dropout:0.1
2023-11-02 17:36:12,020:INFO:Epoch 1 / 2
2023-11-02 17:37:39,492:INFO:SAVING MODEL
2023-11-02 17:37:40,194:INFO:Training Loss: 0.399
2023-11-02 17:37:40,195:INFO:Validation Loss: 0.241
2023-11-02 17:37:40,195:INFO:Epoch 2 / 2
2023-11-02 17:39:07,632:INFO:Training Loss: 0.221
2023-11-02 17:39:07,632:INFO:Validation Loss: 0.261
2023-11-02 17:39:11,082:INFO:accuracy:0.896
2023-11-02 17:39:11,084:INFO:learning_rate:3e-05, batch_size:16, num_epoch:3, dropout:0.1
2023-11-02 17:39:12,345:INFO:Epoch 1 / 3
2023-11-02 17:40:39,970:INFO:SAVING MODEL
2023-11-02 17:40:40,872:INFO:Training Loss: 0.366
2023-11-02 17:40:40,872:INFO:Validation Loss: 0.246
2023-11-02 17:40:40,872:INFO:Epoch 2 / 3
2023-11-02 17:42:08,075:INFO:Training Loss: 0.216
2023-11-02 17:42:08,076:INFO:Validation Loss: 0.265
2023-11-02 17:42:08,076:INFO:Epoch 3 / 3
2023-11-02 17:43:35,806:INFO:Training Loss: 0.108
2023-11-02 17:43:35,806:INFO:Validation Loss: 0.359
2023-11-02 17:43:39,372:INFO:accuracy:0.922
2023-11-02 17:43:39,374:INFO:learning_rate:2e-05, batch_size:16, num_epoch:3, dropout:0.1
2023-11-02 17:43:40,785:INFO:Epoch 1 / 3
2023-11-02 17:45:08,047:INFO:SAVING MODEL
2023-11-02 17:45:08,907:INFO:Training Loss: 0.355
2023-11-02 17:45:08,907:INFO:Validation Loss: 0.208
2023-11-02 17:45:08,907:INFO:Epoch 2 / 3
2023-11-02 17:46:36,687:INFO:Training Loss: 0.181
2023-11-02 17:46:36,687:INFO:Validation Loss: 0.354
2023-11-02 17:46:36,687:INFO:Epoch 3 / 3
2023-11-02 17:48:04,143:INFO:Training Loss: 0.119
2023-11-02 17:48:04,143:INFO:Validation Loss: 0.400
2023-11-02 17:48:07,787:INFO:accuracy:0.944
2023-11-02 17:48:07,790:INFO:learning_rate:5e-05, batch_size:16, num_epoch:2, dropout:0
2023-11-02 17:48:09,195:INFO:Epoch 1 / 2
2023-11-02 17:49:35,493:INFO:SAVING MODEL
2023-11-02 17:49:36,363:INFO:Training Loss: 0.390
2023-11-02 17:49:36,363:INFO:Validation Loss: 0.225
2023-11-02 17:49:36,364:INFO:Epoch 2 / 2
2023-11-02 17:51:02,972:INFO:Training Loss: 0.211
2023-11-02 17:51:02,972:INFO:Validation Loss: 0.498
2023-11-02 17:51:06,545:INFO:accuracy:0.914
2023-11-02 17:51:06,547:INFO:learning_rate:3e-05, batch_size:32, num_epoch:2, dropout:0
2023-11-02 17:51:07,924:INFO:Epoch 1 / 2
2023-11-02 17:52:25,940:INFO:SAVING MODEL
2023-11-02 17:52:26,825:INFO:Training Loss: 0.367
2023-11-02 17:52:26,825:INFO:Validation Loss: 0.218
2023-11-02 17:52:26,825:INFO:Epoch 2 / 2
2023-11-02 17:53:44,815:INFO:SAVING MODEL
2023-11-02 17:53:45,839:INFO:Training Loss: 0.183
2023-11-02 17:53:45,839:INFO:Validation Loss: 0.196
2023-11-02 17:53:49,031:INFO:accuracy:0.948
2023-11-02 17:53:49,033:INFO:learning_rate:5e-05, batch_size:32, num_epoch:3, dropout:0.1
2023-11-02 17:53:50,260:INFO:Epoch 1 / 3
2023-11-02 17:55:08,130:INFO:SAVING MODEL
2023-11-02 17:55:09,021:INFO:Training Loss: 0.361
2023-11-02 17:55:09,021:INFO:Validation Loss: 0.215
2023-11-02 17:55:09,021:INFO:Epoch 2 / 3
2023-11-02 17:56:27,150:INFO:Training Loss: 0.189
2023-11-02 17:56:27,150:INFO:Validation Loss: 0.270
2023-11-02 17:56:27,150:INFO:Epoch 3 / 3
2023-11-02 17:57:45,209:INFO:Training Loss: 0.108
2023-11-02 17:57:45,210:INFO:Validation Loss: 0.366
2023-11-02 17:57:48,326:INFO:accuracy:0.946
2023-11-02 17:57:48,329:INFO:learning_rate:3e-05, batch_size:32, num_epoch:4, dropout:0.1
2023-11-02 17:57:51,458:INFO:Epoch 1 / 4
2023-11-02 17:59:09,413:INFO:SAVING MODEL
2023-11-02 17:59:10,331:INFO:Training Loss: 0.343
2023-11-02 17:59:10,332:INFO:Validation Loss: 0.226
2023-11-02 17:59:10,332:INFO:Epoch 2 / 4
2023-11-02 18:00:28,397:INFO:Training Loss: 0.167
2023-11-02 18:00:28,397:INFO:Validation Loss: 0.369
2023-11-02 18:00:28,397:INFO:Epoch 3 / 4
2023-11-02 18:01:46,410:INFO:Training Loss: 0.091
2023-11-02 18:01:46,410:INFO:Validation Loss: 0.329
2023-11-02 18:01:46,410:INFO:Epoch 4 / 4
2023-11-02 18:03:04,461:INFO:Training Loss: 0.055
2023-11-02 18:03:04,461:INFO:Validation Loss: 0.396
2023-11-02 18:03:07,805:INFO:accuracy:0.924
2023-11-02 18:03:07,807:INFO:learning_rate:3e-05, batch_size:32, num_epoch:4, dropout:0.1
2023-11-02 18:03:09,230:INFO:Epoch 1 / 4
2023-11-02 18:04:27,335:INFO:SAVING MODEL
2023-11-02 18:04:28,151:INFO:Training Loss: 0.381
2023-11-02 18:04:28,151:INFO:Validation Loss: 0.214
2023-11-02 18:04:28,152:INFO:Epoch 2 / 4
2023-11-02 18:05:46,115:INFO:Training Loss: 0.183
2023-11-02 18:05:46,115:INFO:Validation Loss: 0.253
2023-11-02 18:05:46,115:INFO:Epoch 3 / 4
2023-11-02 18:07:03,855:INFO:Training Loss: 0.089
2023-11-02 18:07:03,855:INFO:Validation Loss: 0.272
2023-11-02 18:07:03,855:INFO:Epoch 4 / 4
2023-11-02 18:08:21,877:INFO:Training Loss: 0.056
2023-11-02 18:08:21,878:INFO:Validation Loss: 0.394
2023-11-02 18:08:24,999:INFO:accuracy:0.922
2023-11-02 18:08:25,003:INFO:learning_rate:2e-05, batch_size:32, num_epoch:4, dropout:0
2023-11-02 18:08:26,347:INFO:Epoch 1 / 4
2023-11-02 18:09:44,146:INFO:SAVING MODEL
2023-11-02 18:09:45,006:INFO:Training Loss: 0.371
2023-11-02 18:09:45,006:INFO:Validation Loss: 0.239
2023-11-02 18:09:45,006:INFO:Epoch 2 / 4
2023-11-02 18:11:02,712:INFO:SAVING MODEL
2023-11-02 18:11:03,630:INFO:Training Loss: 0.187
2023-11-02 18:11:03,630:INFO:Validation Loss: 0.222
2023-11-02 18:11:03,630:INFO:Epoch 3 / 4
2023-11-02 18:12:21,445:INFO:Training Loss: 0.117
2023-11-02 18:12:21,445:INFO:Validation Loss: 0.296
2023-11-02 18:12:21,445:INFO:Epoch 4 / 4
2023-11-02 18:13:39,309:INFO:Training Loss: 0.061
2023-11-02 18:13:39,309:INFO:Validation Loss: 0.434
2023-11-02 18:13:42,483:INFO:accuracy:0.928
2023-11-02 18:13:42,485:INFO:learning_rate:5e-05, batch_size:32, num_epoch:3, dropout:0
2023-11-02 18:13:45,223:INFO:Epoch 1 / 3
2023-11-02 18:15:02,887:INFO:SAVING MODEL
2023-11-02 18:15:03,825:INFO:Training Loss: 0.341
2023-11-02 18:15:03,825:INFO:Validation Loss: 0.298
2023-11-02 18:15:03,825:INFO:Epoch 2 / 3
2023-11-02 18:16:21,476:INFO:SAVING MODEL
2023-11-02 18:16:22,342:INFO:Training Loss: 0.175
2023-11-02 18:16:22,342:INFO:Validation Loss: 0.260
2023-11-02 18:16:22,342:INFO:Epoch 3 / 3
2023-11-02 18:17:39,889:INFO:Training Loss: 0.097
2023-11-02 18:17:39,889:INFO:Validation Loss: 0.354
2023-11-02 18:17:43,036:INFO:accuracy:0.892
2023-11-02 18:17:43,038:INFO:learning_rate:3e-05, batch_size:16, num_epoch:4, dropout:0
2023-11-02 18:17:44,336:INFO:Epoch 1 / 4
2023-11-02 18:19:10,955:INFO:SAVING MODEL
2023-11-02 18:19:11,801:INFO:Training Loss: 0.370
2023-11-02 18:19:11,801:INFO:Validation Loss: 0.314
2023-11-02 18:19:11,802:INFO:Epoch 2 / 4
2023-11-02 18:20:38,181:INFO:SAVING MODEL
2023-11-02 18:20:39,025:INFO:Training Loss: 0.196
2023-11-02 18:20:39,025:INFO:Validation Loss: 0.284
2023-11-02 18:20:39,025:INFO:Epoch 3 / 4
2023-11-02 18:22:05,686:INFO:Training Loss: 0.108
2023-11-02 18:22:05,686:INFO:Validation Loss: 0.309
2023-11-02 18:22:05,686:INFO:Epoch 4 / 4
2023-11-02 18:23:31,596:INFO:Training Loss: 0.071
2023-11-02 18:23:31,596:INFO:Validation Loss: 0.393
2023-11-02 18:23:35,229:INFO:accuracy:0.926
2023-11-02 18:23:35,231:INFO:learning_rate:3e-05, batch_size:32, num_epoch:4, dropout:0
2023-11-02 18:23:36,541:INFO:Epoch 1 / 4
2023-11-02 18:24:54,157:INFO:SAVING MODEL
2023-11-02 18:24:55,064:INFO:Training Loss: 0.357
2023-11-02 18:24:55,064:INFO:Validation Loss: 0.287
2023-11-02 18:24:55,064:INFO:Epoch 2 / 4
2023-11-02 18:26:12,696:INFO:SAVING MODEL
2023-11-02 18:26:13,617:INFO:Training Loss: 0.176
2023-11-02 18:26:13,617:INFO:Validation Loss: 0.226
2023-11-02 18:26:13,617:INFO:Epoch 3 / 4
2023-11-02 18:27:31,345:INFO:Training Loss: 0.093
2023-11-02 18:27:31,345:INFO:Validation Loss: 0.335
2023-11-02 18:27:31,345:INFO:Epoch 4 / 4
2023-11-02 18:28:49,095:INFO:Training Loss: 0.058
2023-11-02 18:28:49,096:INFO:Validation Loss: 0.409
2023-11-02 18:28:52,240:INFO:accuracy:0.922
2023-11-02 18:28:52,243:INFO:learning_rate:2e-05, batch_size:16, num_epoch:4, dropout:0.1
2023-11-02 18:28:53,564:INFO:Epoch 1 / 4
2023-11-02 18:30:19,644:INFO:SAVING MODEL
2023-11-02 18:30:20,536:INFO:Training Loss: 0.353
2023-11-02 18:30:20,537:INFO:Validation Loss: 0.216
2023-11-02 18:30:20,537:INFO:Epoch 2 / 4
2023-11-02 18:31:47,065:INFO:Training Loss: 0.198
2023-11-02 18:31:47,065:INFO:Validation Loss: 0.241
2023-11-02 18:31:47,065:INFO:Epoch 3 / 4
2023-11-02 18:33:13,587:INFO:Training Loss: 0.119
2023-11-02 18:33:13,587:INFO:Validation Loss: 0.346
2023-11-02 18:33:13,587:INFO:Epoch 4 / 4
2023-11-02 18:34:40,130:INFO:Training Loss: 0.077
2023-11-02 18:34:40,131:INFO:Validation Loss: 0.401
2023-11-02 18:34:43,688:INFO:accuracy:0.934
2023-11-02 19:48:32,139:INFO:learning_rate:5e-05, batch_size:16, num_epoch:3, dropout:0, frozen:12
2023-11-02 19:48:35,813:INFO:Epoch 1 / 3
2023-11-02 19:50:04,613:INFO:SAVING MODEL
2023-11-02 19:50:05,553:INFO:Training Loss: 0.360
2023-11-02 19:50:05,554:INFO:Validation Loss: 0.359
2023-11-02 19:50:05,554:INFO:Epoch 2 / 3
2023-11-02 19:51:31,151:INFO:Training Loss: 0.204
2023-11-02 19:51:31,151:INFO:Validation Loss: 0.364
2023-11-02 19:51:31,151:INFO:Epoch 3 / 3
2023-11-02 19:52:57,020:INFO:SAVING MODEL
2023-11-02 19:52:57,923:INFO:Training Loss: 0.127
2023-11-02 19:52:57,923:INFO:Validation Loss: 0.358
2023-11-02 19:53:01,521:INFO:accuracy:0.924
2023-11-02 19:53:01,523:INFO:learning_rate:5e-05, batch_size:16, num_epoch:4, dropout:0, frozen:12
2023-11-02 19:53:02,989:INFO:Epoch 1 / 4
2023-11-02 19:54:29,240:INFO:SAVING MODEL
2023-11-02 19:54:30,137:INFO:Training Loss: 0.347
2023-11-02 19:54:30,137:INFO:Validation Loss: 0.252
2023-11-02 19:54:30,137:INFO:Epoch 2 / 4
2023-11-02 19:55:56,490:INFO:Training Loss: 0.183
2023-11-02 19:55:56,490:INFO:Validation Loss: 0.395
2023-11-02 19:55:56,490:INFO:Epoch 3 / 4
2023-11-02 19:57:22,668:INFO:Training Loss: 0.106
2023-11-02 19:57:22,668:INFO:Validation Loss: 0.411
2023-11-02 19:57:22,669:INFO:Epoch 4 / 4
2023-11-02 19:58:48,895:INFO:Training Loss: 0.067
2023-11-02 19:58:48,896:INFO:Validation Loss: 0.514
2023-11-02 19:58:52,321:INFO:accuracy:0.906
2023-11-02 19:58:52,323:INFO:[{'lr': 5e-05, 'bs': 16, 'dropout': 0, 'epochs': 4, 'frozen': 12, 'val_loss': 0.25244163000024855, 'acc': 0.906}]
2023-11-02 20:01:27,361:INFO:learning_rate:5e-05, batch_size:16, num_epoch:1, dropout:0, frozen:12
2023-11-02 20:01:31,037:INFO:Epoch 1 / 1
2023-11-02 20:02:59,712:INFO:SAVING MODEL
2023-11-02 20:03:00,638:INFO:Training Loss: 0.356
2023-11-02 20:03:00,639:INFO:Validation Loss: 0.383
2023-11-02 20:03:04,075:INFO:accuracy:0.886
2023-11-02 20:03:04,079:INFO:[{'lr': 5e-05, 'bs': 16, 'dropout': 0, 'epochs': 1, 'frozen': 12, 'val_loss': 0.3826116254494991, 'acc': 0.886}]
2023-11-02 20:03:58,848:INFO:learning_rate:5e-05, batch_size:32, num_epoch:1, dropout:0.1, frozen:12
2023-11-02 20:04:02,489:INFO:Epoch 1 / 1
2023-11-02 20:06:11,668:INFO:learning_rate:5e-05, batch_size:16, num_epoch:1, dropout:0.1, frozen:12
2023-11-02 20:06:15,407:INFO:Epoch 1 / 1
2023-11-02 20:06:38,531:INFO:learning_rate:3e-05, batch_size:32, num_epoch:1, dropout:0, frozen:12
2023-11-02 20:06:42,236:INFO:Epoch 1 / 1
2023-11-02 20:07:21,918:INFO:learning_rate:5e-05, batch_size:32, num_epoch:1, dropout:0, frozen:12
2023-11-02 20:07:25,645:INFO:Epoch 1 / 1
2023-11-02 20:09:16,886:INFO:learning_rate:2e-05, batch_size:16, num_epoch:1, dropout:0, frozen:12
2023-11-02 20:09:20,778:INFO:Epoch 1 / 1
2023-11-02 20:11:07,417:INFO:learning_rate:5e-05, batch_size:16, num_epoch:1, dropout:0.1, frozen:12
2023-11-02 20:13:40,694:INFO:learning_rate:2e-05, batch_size:32, num_epoch:1, dropout:0.1, frozen:12
2023-11-02 20:13:45,018:INFO:Epoch 1 / 1
2023-11-02 20:14:23,077:INFO:learning_rate:5e-05, batch_size:32, num_epoch:1, dropout:0.1, frozen:12
2023-11-02 20:14:27,475:INFO:Epoch 1 / 1
2023-11-02 20:19:48,056:INFO:learning_rate:3e-05, batch_size:16, num_epoch:1, dropout:0.1, frozen:12
2023-11-02 20:19:51,840:INFO:Epoch 1 / 1
2023-11-02 20:20:19,151:INFO:learning_rate:3e-05, batch_size:16, num_epoch:1, dropout:0.1, frozen:12
2023-11-02 20:20:22,873:INFO:Epoch 1 / 1
2023-11-02 20:21:01,511:INFO:learning_rate:3e-05, batch_size:16, num_epoch:1, dropout:0, frozen:12
2023-11-02 20:21:05,282:INFO:Epoch 1 / 1
2023-11-16 01:55:29,155:INFO:learning_rate:2e-05, batch_size:16, num_epoch:2, dropout:0.1, frozen:{'encoder': 0, 'embeddings': False, 'pooler': True}
2023-11-16 01:55:34,644:INFO:Epoch 1 / 2
